Using pre-set license
Built from '2022.3/staging' branch; Version is '2022.3.19f1 (244b723c30a6) revision 2378610'; Using compiler version '192829333'; Build Type 'Release'
OS: 'Windows 11  (10.0.22631) 64bit Professional' Language: 'es' Physical Memory: 14214 MB
BatchMode: 1, IsHumanControllingUs: 0, StartBugReporterOnCrash: 0, Is64bit: 1, IsPro: 1

COMMAND LINE ARGUMENTS:
C:\Program Files\Unity\Hub\Editor\2022.3.19f1\Editor\Unity.exe
-adb2
-batchMode
-noUpm
-name
AssetImportWorker0
-projectPath
C:/Users/Usuario/Desktop/UNI/DSH/P2-DSH/JuegoZigZag
-logFile
Logs/AssetImportWorker0.log
-srvPort
49760
Successfully changed project path to: C:/Users/Usuario/Desktop/UNI/DSH/P2-DSH/JuegoZigZag
C:/Users/Usuario/Desktop/UNI/DSH/P2-DSH/JuegoZigZag
[UnityMemory] Configuration Parameters - Can be set up in boot.config
    "memorysetup-bucket-allocator-granularity=16"
    "memorysetup-bucket-allocator-bucket-count=8"
    "memorysetup-bucket-allocator-block-size=33554432"
    "memorysetup-bucket-allocator-block-count=8"
    "memorysetup-main-allocator-block-size=16777216"
    "memorysetup-thread-allocator-block-size=16777216"
    "memorysetup-gfx-main-allocator-block-size=16777216"
    "memorysetup-gfx-thread-allocator-block-size=16777216"
    "memorysetup-cache-allocator-block-size=4194304"
    "memorysetup-typetree-allocator-block-size=2097152"
    "memorysetup-profiler-bucket-allocator-granularity=16"
    "memorysetup-profiler-bucket-allocator-bucket-count=8"
    "memorysetup-profiler-bucket-allocator-block-size=33554432"
    "memorysetup-profiler-bucket-allocator-block-count=8"
    "memorysetup-profiler-allocator-block-size=16777216"
    "memorysetup-profiler-editor-allocator-block-size=1048576"
    "memorysetup-temp-allocator-size-main=16777216"
    "memorysetup-job-temp-allocator-block-size=2097152"
    "memorysetup-job-temp-allocator-block-size-background=1048576"
    "memorysetup-job-temp-allocator-reduction-small-platforms=262144"
    "memorysetup-allocator-temp-initial-block-size-main=262144"
    "memorysetup-allocator-temp-initial-block-size-worker=262144"
    "memorysetup-temp-allocator-size-background-worker=32768"
    "memorysetup-temp-allocator-size-job-worker=262144"
    "memorysetup-temp-allocator-size-preload-manager=33554432"
    "memorysetup-temp-allocator-size-nav-mesh-worker=65536"
    "memorysetup-temp-allocator-size-audio-worker=65536"
    "memorysetup-temp-allocator-size-cloud-worker=32768"
    "memorysetup-temp-allocator-size-gi-baking-worker=262144"
    "memorysetup-temp-allocator-size-gfx=262144"
Player connection [12764] Host "[IP] 192.168.1.159 [Port] 0 [Flags] 2 [Guid] 3167956159 [EditorId] 3167956159 [Version] 1048832 [Id] WindowsEditor(7,PC-Miguel) [Debug] 1 [PackageName] WindowsEditor [ProjectName] Editor" joined multi-casting on [225.0.0.222:54997]...

Player connection [12764] Host "[IP] 192.168.1.159 [Port] 0 [Flags] 2 [Guid] 3167956159 [EditorId] 3167956159 [Version] 1048832 [Id] WindowsEditor(7,PC-Miguel) [Debug] 1 [PackageName] WindowsEditor [ProjectName] Editor" joined alternative multi-casting on [225.0.0.222:34997]...

[Physics::Module] Initialized MultithreadedJobDispatcher with 7 workers.
Refreshing native plugins compatible for Editor in 106.35 ms, found 3 plugins.
Preloading 0 native plugins for Editor in 0.00 ms.
Initialize engine version: 2022.3.19f1 (244b723c30a6)
[Subsystems] Discovering subsystems at path C:/Program Files/Unity/Hub/Editor/2022.3.19f1/Editor/Data/Resources/UnitySubsystems
[Subsystems] Discovering subsystems at path C:/Users/Usuario/Desktop/UNI/DSH/P2-DSH/JuegoZigZag/Assets
GfxDevice: creating device client; threaded=0; jobified=0
Direct3D:
    Version:  Direct3D 11.0 [level 11.1]
    Renderer: AMD Radeon(TM) Vega 8 Graphics (ID=0x15d8)
    Vendor:   ATI
    VRAM:     7107 MB
    Driver:   27.20.1012.3004
Initialize mono
Mono path[0] = 'C:/Program Files/Unity/Hub/Editor/2022.3.19f1/Editor/Data/Managed'
Mono path[1] = 'C:/Program Files/Unity/Hub/Editor/2022.3.19f1/Editor/Data/MonoBleedingEdge/lib/mono/unityjit-win32'
Mono config path = 'C:/Program Files/Unity/Hub/Editor/2022.3.19f1/Editor/Data/MonoBleedingEdge/etc'
Using monoOptions --debugger-agent=transport=dt_socket,embedding=1,server=y,suspend=n,address=127.0.0.1:56144
Begin MonoManager ReloadAssembly
Registering precompiled unity dll's ...
Register platform support module: C:/Program Files/Unity/Hub/Editor/2022.3.19f1/Editor/Data/PlaybackEngines/WebGLSupport/UnityEditor.WebGL.Extensions.dll
Register platform support module: C:/Program Files/Unity/Hub/Editor/2022.3.19f1/Editor/Data/PlaybackEngines/AndroidPlayer/UnityEditor.Android.Extensions.dll
Register platform support module: C:/Program Files/Unity/Hub/Editor/2022.3.19f1/Editor/Data/PlaybackEngines/WindowsStandaloneSupport/UnityEditor.WindowsStandalone.Extensions.dll
Registered in 0.024579 seconds.
- Loaded All Assemblies, in  1.441 seconds
Native extension for WindowsStandalone target not found
Native extension for Android target not found
Android Extension - Scanning For ADB Devices 586 ms
Native extension for WebGL target not found
Mono: successfully reloaded assembly
- Finished resetting the current domain, in  1.207 seconds
Domain Reload Profiling: 2646ms
	BeginReloadAssembly (187ms)
		ExecutionOrderSort (0ms)
		DisableScriptedObjects (0ms)
		BackupInstance (0ms)
		ReleaseScriptingObjects (0ms)
		CreateAndSetChildDomain (2ms)
	RebuildCommonClasses (312ms)
	RebuildNativeTypeToScriptingClass (15ms)
	initialDomainReloadingComplete (115ms)
	LoadAllAssembliesAndSetupDomain (809ms)
		LoadAssemblies (185ms)
		RebuildTransferFunctionScriptingTraits (0ms)
		AnalyzeDomain (804ms)
			TypeCache.Refresh (802ms)
				TypeCache.ScanAssembly (481ms)
			ScanForSourceGeneratedMonoScriptInfo (1ms)
			ResolveRequiredComponents (1ms)
	FinalizeReload (1208ms)
		ReleaseScriptCaches (0ms)
		RebuildScriptCaches (0ms)
		SetupLoadedEditorAssemblies (1104ms)
			LogAssemblyErrors (0ms)
			InitializePlatformSupportModulesInManaged (793ms)
			SetLoadedEditorAssemblies (6ms)
			RefreshPlugins (0ms)
			BeforeProcessingInitializeOnLoad (3ms)
			ProcessInitializeOnLoadAttributes (197ms)
			ProcessInitializeOnLoadMethodAttributes (104ms)
			AfterProcessingInitializeOnLoad (0ms)
			EditorAssembliesLoaded (0ms)
		ExecutionOrderSort2 (0ms)
		AwakeInstancesAfterBackupRestoration (0ms)
========================================================================
Worker process is ready to serve import requests
Begin MonoManager ReloadAssembly
Symbol file data-0000022D7796F020 doesn't match image C:\Users\Usuario\Desktop\UNI\DSH\P2-DSH\JuegoZigZag\Library\ScriptAssemblies\Unity.Timeline.dll
Symbol file LoadedFromMemory is not a mono symbol file
Symbol file data-0000022D5628B510 doesn't match image C:\Users\Usuario\Desktop\UNI\DSH\P2-DSH\JuegoZigZag\Library\ScriptAssemblies\Unity.TestTools.CodeCoverage.Editor.OpenCover.Mono.Reflection.dll
Symbol file LoadedFromMemory is not a mono symbol file
Symbol file data-0000022D7919B020 doesn't match image C:\Users\Usuario\Desktop\UNI\DSH\P2-DSH\JuegoZigZag\Library\ScriptAssemblies\UnityEngine.UI.dll
Symbol file LoadedFromMemory is not a mono symbol file
Symbol file data-0000022D5628B510 doesn't match image C:\Users\Usuario\Desktop\UNI\DSH\P2-DSH\JuegoZigZag\Library\ScriptAssemblies\Unity.EditorCoroutines.Editor.dll
Symbol file LoadedFromMemory is not a mono symbol file
Symbol file data-0000022D779B0630 doesn't match image C:\Users\Usuario\Desktop\UNI\DSH\P2-DSH\JuegoZigZag\Library\ScriptAssemblies\Unity.VisualScripting.SettingsProvider.Editor.dll
Symbol file LoadedFromMemory is not a mono symbol file
Symbol file data-0000022D55FF7020 doesn't match image C:\Users\Usuario\Desktop\UNI\DSH\P2-DSH\JuegoZigZag\Library\ScriptAssemblies\Unity.Performance.Profile-Analyzer.Editor.dll
Symbol file LoadedFromMemory is not a mono symbol file
Symbol file data-0000022D779B0630 doesn't match image C:\Users\Usuario\Desktop\UNI\DSH\P2-DSH\JuegoZigZag\Library\ScriptAssemblies\Unity.TestTools.CodeCoverage.Editor.dll
Symbol file LoadedFromMemory is not a mono symbol file
Symbol file data-0000022D779B7040 doesn't match image C:\Users\Usuario\Desktop\UNI\DSH\P2-DSH\JuegoZigZag\Library\ScriptAssemblies\Unity.TestTools.CodeCoverage.Editor.OpenCover.Model.dll
Symbol file LoadedFromMemory is not a mono symbol file
Symbol file data-0000022D77F4A020 doesn't match image C:\Users\Usuario\Desktop\UNI\DSH\P2-DSH\JuegoZigZag\Library\ScriptAssemblies\Unity.PlasticSCM.Editor.dll
Symbol file LoadedFromMemory is not a mono symbol file
Symbol file data-0000022D791DC430 doesn't match image C:\Users\Usuario\Desktop\UNI\DSH\P2-DSH\JuegoZigZag\Library\ScriptAssemblies\UnityEngine.TestRunner.dll
Symbol file LoadedFromMemory is not a mono symbol file
Symbol file data-0000022D791DC430 doesn't match image C:\Users\Usuario\Desktop\UNI\DSH\P2-DSH\JuegoZigZag\Library\ScriptAssemblies\Unity.VisualScripting.State.Editor.dll
Symbol file LoadedFromMemory is not a mono symbol file
Symbol file data-0000022D7824B010 doesn't match image C:\Users\Usuario\Desktop\UNI\DSH\P2-DSH\JuegoZigZag\Library\ScriptAssemblies\Unity.Timeline.Editor.dll
Symbol file LoadedFromMemory is not a mono symbol file
Symbol file data-0000022D791DC430 doesn't match image C:\Users\Usuario\Desktop\UNI\DSH\P2-DSH\JuegoZigZag\Library\ScriptAssemblies\Unity.Settings.Editor.dll
Symbol file LoadedFromMemory is not a mono symbol file
Symbol file data-0000022D791DC430 doesn't match image C:\Users\Usuario\Desktop\UNI\DSH\P2-DSH\JuegoZigZag\Library\ScriptAssemblies\Unity.VisualScripting.Shared.Editor.dll
Symbol file LoadedFromMemory is not a mono symbol file
Symbol file data-0000022D791DC430 doesn't match image C:\Users\Usuario\Desktop\UNI\DSH\P2-DSH\JuegoZigZag\Library\ScriptAssemblies\Unity.CollabProxy.Editor.dll
Symbol file LoadedFromMemory is not a mono symbol file
Symbol file data-0000022D791DC430 doesn't match image C:\Users\Usuario\Desktop\UNI\DSH\P2-DSH\JuegoZigZag\Library\ScriptAssemblies\Unity.VisualStudio.Editor.dll
Symbol file LoadedFromMemory is not a mono symbol file
Symbol file data-0000022D77674020 doesn't match image C:\Users\Usuario\Desktop\UNI\DSH\P2-DSH\JuegoZigZag\Library\ScriptAssemblies\Unity.TextMeshPro.dll
Symbol file LoadedFromMemory is not a mono symbol file
Symbol file data-0000022D77674020 doesn't match image C:\Users\Usuario\Desktop\UNI\DSH\P2-DSH\JuegoZigZag\Library\ScriptAssemblies\Unity.VisualScripting.Core.dll
Symbol file LoadedFromMemory is not a mono symbol file
Symbol file data-0000022D77F84240 doesn't match image C:\Users\Usuario\Desktop\UNI\DSH\P2-DSH\JuegoZigZag\Library\ScriptAssemblies\Unity.TextMeshPro.Editor.dll
Symbol file LoadedFromMemory is not a mono symbol file
Symbol file data-0000022D555B7240 doesn't match image C:\Users\Usuario\Desktop\UNI\DSH\P2-DSH\JuegoZigZag\Library\ScriptAssemblies\UnityEditor.UI.dll
Symbol file LoadedFromMemory is not a mono symbol file
Symbol file data-0000022D77724010 doesn't match image C:\Users\Usuario\Desktop\UNI\DSH\P2-DSH\JuegoZigZag\Library\ScriptAssemblies\Unity.VisualScripting.Core.Editor.dll
Symbol file LoadedFromMemory is not a mono symbol file
Symbol file data-0000022D555B7240 doesn't match image C:\Users\Usuario\Desktop\UNI\DSH\P2-DSH\JuegoZigZag\Library\ScriptAssemblies\Unity.Rider.Editor.dll
Symbol file LoadedFromMemory is not a mono symbol file
Symbol file data-0000022D782AC420 doesn't match image C:\Users\Usuario\Desktop\UNI\DSH\P2-DSH\JuegoZigZag\Library\ScriptAssemblies\Unity.VisualScripting.State.dll
Symbol file LoadedFromMemory is not a mono symbol file
Symbol file data-0000022D782AC420 doesn't match image C:\Users\Usuario\Desktop\UNI\DSH\P2-DSH\JuegoZigZag\Library\ScriptAssemblies\Unity.VSCode.Editor.dll
Symbol file LoadedFromMemory is not a mono symbol file
Symbol file data-0000022D77724010 doesn't match image C:\Users\Usuario\Desktop\UNI\DSH\P2-DSH\JuegoZigZag\Library\ScriptAssemblies\Unity.2D.Sprite.Editor.dll
Symbol file LoadedFromMemory is not a mono symbol file
Symbol file data-0000022D7775B620 doesn't match image C:\Users\Usuario\Desktop\UNI\DSH\P2-DSH\JuegoZigZag\Library\ScriptAssemblies\UnityEditor.TestRunner.dll
Symbol file LoadedFromMemory is not a mono symbol file
Symbol file data-0000022D7775B620 doesn't match image C:\Users\Usuario\Desktop\UNI\DSH\P2-DSH\JuegoZigZag\Library\ScriptAssemblies\Unity.VisualScripting.Flow.dll
Symbol file LoadedFromMemory is not a mono symbol file
Symbol file data-0000022D554A3090 doesn't match image C:\Users\Usuario\Desktop\UNI\DSH\P2-DSH\JuegoZigZag\Library\ScriptAssemblies\Unity.VisualScripting.Flow.Editor.dll
Symbol file LoadedFromMemory is not a mono symbol file
- Loaded All Assemblies, in  3.449 seconds
Refreshing native plugins compatible for Editor in 5.35 ms, found 3 plugins.
Native extension for WindowsStandalone target not found
Native extension for Android target not found
Native extension for WebGL target not found
Package Manager log level set to [2]
[Package Manager] Server::EnsureServerProcessIsRunning -- launch failed, reason: Unity was launched with the -noUpm command-line argument
[Package Manager] UpmClient::Send -- Unable to send message (not connected to UPM process).
[Package Manager] Cannot connect to Unity Package Manager local server
Mono: successfully reloaded assembly
- Finished resetting the current domain, in  0.993 seconds
Domain Reload Profiling: 4436ms
	BeginReloadAssembly (271ms)
		ExecutionOrderSort (0ms)
		DisableScriptedObjects (12ms)
		BackupInstance (0ms)
		ReleaseScriptingObjects (0ms)
		CreateAndSetChildDomain (35ms)
	RebuildCommonClasses (90ms)
	RebuildNativeTypeToScriptingClass (21ms)
	initialDomainReloadingComplete (84ms)
	LoadAllAssembliesAndSetupDomain (2976ms)
		LoadAssemblies (2630ms)
		RebuildTransferFunctionScriptingTraits (0ms)
		AnalyzeDomain (518ms)
			TypeCache.Refresh (476ms)
				TypeCache.ScanAssembly (384ms)
			ScanForSourceGeneratedMonoScriptInfo (31ms)
			ResolveRequiredComponents (8ms)
	FinalizeReload (994ms)
		ReleaseScriptCaches (0ms)
		RebuildScriptCaches (0ms)
		SetupLoadedEditorAssemblies (679ms)
			LogAssemblyErrors (0ms)
			InitializePlatformSupportModulesInManaged (49ms)
			SetLoadedEditorAssemblies (7ms)
			RefreshPlugins (0ms)
			BeforeProcessingInitializeOnLoad (95ms)
			ProcessInitializeOnLoadAttributes (488ms)
			ProcessInitializeOnLoadMethodAttributes (30ms)
			AfterProcessingInitializeOnLoad (10ms)
			EditorAssembliesLoaded (0ms)
		ExecutionOrderSort2 (0ms)
		AwakeInstancesAfterBackupRestoration (12ms)
Launched and connected shader compiler UnityShaderCompiler.exe after 0.11 seconds
Refreshing native plugins compatible for Editor in 7.42 ms, found 3 plugins.
Preloading 0 native plugins for Editor in 0.00 ms.
Unloading 3142 Unused Serialized files (Serialized files now loaded: 0)
Unloading 35 unused Assets / (57.1 KB). Loaded Objects now: 3608.
Memory consumption went from 133.3 MB to 133.2 MB.
Total: 6.536500 ms (FindLiveObjects: 0.453000 ms CreateObjectMapping: 0.205500 ms MarkObjects: 5.660200 ms  DeleteObjects: 0.215600 ms)

AssetImportParameters requested are different than current active one (requested -> active):
  custom:container-demuxer-ogg: 62fdf1f143b41e24485cea50d1cbac27 -> 
  custom:video-codec-MediaFoundation-h265: 746d11721c4dcdbdad8f713fa42b33f4 -> 
  custom:video-decoder-ogg-theora: a1e56fd34408186e4bbccfd4996cb3dc -> 
  custom:framework-win-MediaFoundation: 216162199b28c13a410421893ffa2e32 -> 
  custom:CustomObjectIndexerAttribute: 6d391050e5a25f67b0a2c618074f2cd9 -> 
  custom:container-demuxer-webm: 4f35f7cbe854078d1ac9338744f61a02 -> 
  custom:container-muxer-webm: aa71ff27fc2769a1b78a27578f13a17b -> 
  custom:video-decoder-webm-vp8: 9c59270c3fd7afecdb556c50c9e8de78 -> 
  custom:SearchIndexIgnoredProperties: e643bd26f0fe6173181afceb89e7c659 -> 
  custom:AudioImporter_EditorPlatform: d09bf68614088b80899f8185d706f6e7 -> 
  custom:video-encoder-webm-vp8: eb34c28f22e8b96e1ab97ce403110664 -> 
  custom:audio-decoder-ogg-vorbis: bf7c407c2cedff20999df2af8eb42d56 -> 
  custom:audio-encoder-webm-vorbis: bf7c407c2cedff20999df2af8eb42d56 -> 
========================================================================
Received Import Request.
  Time since last request: 2481.017083 seconds.
  path: Assets/Scenes/Escena01.unity
  artifactKey: Guid(e5c9b0f71fc49ae4ca3fc63dbf4f50c7) Importer(815301076,1909f56bfc062723c751e8b465ee728b)
Start importing Assets/Scenes/Escena01.unity using Guid(e5c9b0f71fc49ae4ca3fc63dbf4f50c7) Importer(815301076,1909f56bfc062723c751e8b465ee728b)  -> (artifact id: '02f2caf1fd76eaba0878d88170104863') in 0.003094 seconds
Number of updated asset objects reloaded before import = 0
Number of asset objects unloaded after import = 0
========================================================================
Received Import Request.
  Time since last request: 28.972941 seconds.
  path: Assets/Scenes/Escena03.unity
  artifactKey: Guid(7917e05185dfa7f4c81fc9e82dc37653) Importer(815301076,1909f56bfc062723c751e8b465ee728b)
Start importing Assets/Scenes/Escena03.unity using Guid(7917e05185dfa7f4c81fc9e82dc37653) Importer(815301076,1909f56bfc062723c751e8b465ee728b)  -> (artifact id: '95a0cfa0ffdc535091d686ce08bd3619') in 0.001020 seconds
Number of updated asset objects reloaded before import = 0
Number of asset objects unloaded after import = 0
========================================================================
Received Prepare
Begin MonoManager ReloadAssembly
Symbol file data-0000022D7845E060 doesn't match image C:\Users\Usuario\Desktop\UNI\DSH\P2-DSH\JuegoZigZag\Library\ScriptAssemblies\Unity.Timeline.dll
Symbol file LoadedFromMemory is not a mono symbol file
Symbol file data-0000022D7970EAD0 doesn't match image C:\Users\Usuario\Desktop\UNI\DSH\P2-DSH\JuegoZigZag\Library\ScriptAssemblies\Unity.TestTools.CodeCoverage.Editor.OpenCover.Mono.Reflection.dll
Symbol file LoadedFromMemory is not a mono symbol file
Symbol file data-0000022D796C0AB0 doesn't match image C:\Users\Usuario\Desktop\UNI\DSH\P2-DSH\JuegoZigZag\Library\ScriptAssemblies\UnityEngine.UI.dll
Symbol file LoadedFromMemory is not a mono symbol file
Symbol file data-0000022D7970EAD0 doesn't match image C:\Users\Usuario\Desktop\UNI\DSH\P2-DSH\JuegoZigZag\Library\ScriptAssemblies\Unity.EditorCoroutines.Editor.dll
Symbol file LoadedFromMemory is not a mono symbol file
Symbol file data-0000022D7954C040 doesn't match image C:\Users\Usuario\Desktop\UNI\DSH\P2-DSH\JuegoZigZag\Library\ScriptAssemblies\Unity.VisualScripting.SettingsProvider.Editor.dll
Symbol file LoadedFromMemory is not a mono symbol file
Symbol file data-0000022B83154020 doesn't match image C:\Users\Usuario\Desktop\UNI\DSH\P2-DSH\JuegoZigZag\Library\ScriptAssemblies\Unity.Performance.Profile-Analyzer.Editor.dll
Symbol file LoadedFromMemory is not a mono symbol file
Symbol file data-0000022D7954C040 doesn't match image C:\Users\Usuario\Desktop\UNI\DSH\P2-DSH\JuegoZigZag\Library\ScriptAssemblies\Unity.TestTools.CodeCoverage.Editor.dll
Symbol file LoadedFromMemory is not a mono symbol file
Symbol file data-0000022D79552A50 doesn't match image C:\Users\Usuario\Desktop\UNI\DSH\P2-DSH\JuegoZigZag\Library\ScriptAssemblies\Unity.TestTools.CodeCoverage.Editor.OpenCover.Model.dll
Symbol file LoadedFromMemory is not a mono symbol file
Symbol file data-0000022B824F0080 doesn't match image C:\Users\Usuario\Desktop\UNI\DSH\P2-DSH\JuegoZigZag\Library\ScriptAssemblies\Unity.PlasticSCM.Editor.dll
Symbol file LoadedFromMemory is not a mono symbol file
Symbol file data-0000022D55B9F020 doesn't match image C:\Users\Usuario\Desktop\UNI\DSH\P2-DSH\JuegoZigZag\Library\ScriptAssemblies\UnityEngine.TestRunner.dll
Symbol file LoadedFromMemory is not a mono symbol file
Symbol file data-0000022D7952C020 doesn't match image C:\Users\Usuario\Desktop\UNI\DSH\P2-DSH\JuegoZigZag\Library\ScriptAssemblies\Unity.VisualScripting.State.Editor.dll
Symbol file LoadedFromMemory is not a mono symbol file
Symbol file data-0000022D7796F020 doesn't match image C:\Users\Usuario\Desktop\UNI\DSH\P2-DSH\JuegoZigZag\Library\ScriptAssemblies\Unity.Timeline.Editor.dll
Symbol file LoadedFromMemory is not a mono symbol file
Symbol file data-0000022B8306A020 doesn't match image C:\Users\Usuario\Desktop\UNI\DSH\P2-DSH\JuegoZigZag\Library\ScriptAssemblies\Unity.Settings.Editor.dll
Symbol file LoadedFromMemory is not a mono symbol file
Symbol file data-0000022D79536430 doesn't match image C:\Users\Usuario\Desktop\UNI\DSH\P2-DSH\JuegoZigZag\Library\ScriptAssemblies\Unity.VisualScripting.Shared.Editor.dll
Symbol file LoadedFromMemory is not a mono symbol file
Symbol file data-0000022D79536430 doesn't match image C:\Users\Usuario\Desktop\UNI\DSH\P2-DSH\JuegoZigZag\Library\ScriptAssemblies\Unity.CollabProxy.Editor.dll
Symbol file LoadedFromMemory is not a mono symbol file
Symbol file data-0000022D78436010 doesn't match image C:\Users\Usuario\Desktop\UNI\DSH\P2-DSH\JuegoZigZag\Library\ScriptAssemblies\Unity.VisualStudio.Editor.dll
Symbol file LoadedFromMemory is not a mono symbol file
Symbol file data-0000022DC0010080 doesn't match image C:\Users\Usuario\Desktop\UNI\DSH\P2-DSH\JuegoZigZag\Library\ScriptAssemblies\Unity.TextMeshPro.dll
Symbol file LoadedFromMemory is not a mono symbol file
Symbol file data-0000022B824F0080 doesn't match image C:\Users\Usuario\Desktop\UNI\DSH\P2-DSH\JuegoZigZag\Library\ScriptAssemblies\Unity.VisualScripting.Core.dll
Symbol file LoadedFromMemory is not a mono symbol file
Symbol file data-0000022D78598030 doesn't match image C:\Users\Usuario\Desktop\UNI\DSH\P2-DSH\JuegoZigZag\Library\ScriptAssemblies\Unity.TextMeshPro.Editor.dll
Symbol file LoadedFromMemory is not a mono symbol file
Symbol file data-0000022D78436010 doesn't match image C:\Users\Usuario\Desktop\UNI\DSH\P2-DSH\JuegoZigZag\Library\ScriptAssemblies\UnityEditor.UI.dll
Symbol file LoadedFromMemory is not a mono symbol file
Symbol file data-0000022D77F4A020 doesn't match image C:\Users\Usuario\Desktop\UNI\DSH\P2-DSH\JuegoZigZag\Library\ScriptAssemblies\Unity.VisualScripting.Core.Editor.dll
Symbol file LoadedFromMemory is not a mono symbol file
Symbol file data-0000022D78436010 doesn't match image C:\Users\Usuario\Desktop\UNI\DSH\P2-DSH\JuegoZigZag\Library\ScriptAssemblies\Unity.Rider.Editor.dll
Symbol file LoadedFromMemory is not a mono symbol file
Symbol file data-0000022B82528A90 doesn't match image C:\Users\Usuario\Desktop\UNI\DSH\P2-DSH\JuegoZigZag\Library\ScriptAssemblies\Unity.VisualScripting.State.dll
Symbol file LoadedFromMemory is not a mono symbol file
Symbol file data-0000022B82528A90 doesn't match image C:\Users\Usuario\Desktop\UNI\DSH\P2-DSH\JuegoZigZag\Library\ScriptAssemblies\Unity.VSCode.Editor.dll
Symbol file LoadedFromMemory is not a mono symbol file
Symbol file data-0000022B82898050 doesn't match image C:\Users\Usuario\Desktop\UNI\DSH\P2-DSH\JuegoZigZag\Library\ScriptAssemblies\Unity.2D.Sprite.Editor.dll
Symbol file LoadedFromMemory is not a mono symbol file
Symbol file data-0000022B82898050 doesn't match image C:\Users\Usuario\Desktop\UNI\DSH\P2-DSH\JuegoZigZag\Library\ScriptAssemblies\UnityEditor.TestRunner.dll
Symbol file LoadedFromMemory is not a mono symbol file
Symbol file data-0000022B82830020 doesn't match image C:\Users\Usuario\Desktop\UNI\DSH\P2-DSH\JuegoZigZag\Library\ScriptAssemblies\Unity.VisualScripting.Flow.dll
Symbol file LoadedFromMemory is not a mono symbol file
Symbol file data-0000022B83154020 doesn't match image C:\Users\Usuario\Desktop\UNI\DSH\P2-DSH\JuegoZigZag\Library\ScriptAssemblies\Unity.VisualScripting.Flow.Editor.dll
Symbol file LoadedFromMemory is not a mono symbol file
- Loaded All Assemblies, in  0.899 seconds
Refreshing native plugins compatible for Editor in 5.54 ms, found 3 plugins.
Native extension for WindowsStandalone target not found
Native extension for Android target not found
Native extension for WebGL target not found
[Package Manager] Server::EnsureServerProcessIsRunning -- launch failed, reason: Unity was launched with the -noUpm command-line argument
[Package Manager] UpmClient::Send -- Unable to send message (not connected to UPM process).
[Package Manager] Cannot connect to Unity Package Manager local server
Mono: successfully reloaded assembly
- Finished resetting the current domain, in  2.320 seconds
Domain Reload Profiling: 3213ms
	BeginReloadAssembly (322ms)
		ExecutionOrderSort (0ms)
		DisableScriptedObjects (10ms)
		BackupInstance (0ms)
		ReleaseScriptingObjects (0ms)
		CreateAndSetChildDomain (71ms)
	RebuildCommonClasses (76ms)
	RebuildNativeTypeToScriptingClass (30ms)
	initialDomainReloadingComplete (56ms)
	LoadAllAssembliesAndSetupDomain (408ms)
		LoadAssemblies (578ms)
		RebuildTransferFunctionScriptingTraits (0ms)
		AnalyzeDomain (16ms)
			TypeCache.Refresh (7ms)
				TypeCache.ScanAssembly (0ms)
			ScanForSourceGeneratedMonoScriptInfo (0ms)
			ResolveRequiredComponents (7ms)
	FinalizeReload (2321ms)
		ReleaseScriptCaches (0ms)
		RebuildScriptCaches (0ms)
		SetupLoadedEditorAssemblies (1053ms)
			LogAssemblyErrors (0ms)
			InitializePlatformSupportModulesInManaged (79ms)
			SetLoadedEditorAssemblies (21ms)
			RefreshPlugins (0ms)
			BeforeProcessingInitializeOnLoad (158ms)
			ProcessInitializeOnLoadAttributes (717ms)
			ProcessInitializeOnLoadMethodAttributes (59ms)
			AfterProcessingInitializeOnLoad (18ms)
			EditorAssembliesLoaded (0ms)
		ExecutionOrderSort2 (0ms)
		AwakeInstancesAfterBackupRestoration (23ms)
Refreshing native plugins compatible for Editor in 9.12 ms, found 3 plugins.
Preloading 0 native plugins for Editor in 0.00 ms.
Unloading 3120 Unused Serialized files (Serialized files now loaded: 0)
Unloading 26 unused Assets / (31.1 KB). Loaded Objects now: 3611.
Memory consumption went from 129.8 MB to 129.8 MB.
Total: 6.950800 ms (FindLiveObjects: 0.789700 ms CreateObjectMapping: 0.700400 ms MarkObjects: 5.324000 ms  DeleteObjects: 0.133500 ms)

Prepare: number of updated asset objects reloaded= 0
AssetImportParameters requested are different than current active one (requested -> active):
  custom:container-demuxer-ogg: 62fdf1f143b41e24485cea50d1cbac27 -> 
  custom:video-codec-MediaFoundation-h265: 746d11721c4dcdbdad8f713fa42b33f4 -> 
  custom:video-decoder-ogg-theora: a1e56fd34408186e4bbccfd4996cb3dc -> 
  custom:framework-win-MediaFoundation: 216162199b28c13a410421893ffa2e32 -> 
  custom:CustomObjectIndexerAttribute: 6d391050e5a25f67b0a2c618074f2cd9 -> 
  custom:container-demuxer-webm: 4f35f7cbe854078d1ac9338744f61a02 -> 
  custom:container-muxer-webm: aa71ff27fc2769a1b78a27578f13a17b -> 
  custom:video-decoder-webm-vp8: 9c59270c3fd7afecdb556c50c9e8de78 -> 
  custom:SearchIndexIgnoredProperties: e643bd26f0fe6173181afceb89e7c659 -> 
  custom:AudioImporter_EditorPlatform: d09bf68614088b80899f8185d706f6e7 -> 
  custom:video-encoder-webm-vp8: eb34c28f22e8b96e1ab97ce403110664 -> 
  custom:audio-decoder-ogg-vorbis: bf7c407c2cedff20999df2af8eb42d56 -> 
  custom:audio-encoder-webm-vorbis: bf7c407c2cedff20999df2af8eb42d56 -> 
========================================================================
Received Prepare
Begin MonoManager ReloadAssembly
Symbol file data-0000022D7845E060 doesn't match image C:\Users\Usuario\Desktop\UNI\DSH\P2-DSH\JuegoZigZag\Library\ScriptAssemblies\Unity.Timeline.dll
Symbol file LoadedFromMemory is not a mono symbol file
Symbol file data-0000022B89B973B0 doesn't match image C:\Users\Usuario\Desktop\UNI\DSH\P2-DSH\JuegoZigZag\Library\ScriptAssemblies\Unity.TestTools.CodeCoverage.Editor.OpenCover.Mono.Reflection.dll
Symbol file LoadedFromMemory is not a mono symbol file
Symbol file data-0000022B81B1A020 doesn't match image C:\Users\Usuario\Desktop\UNI\DSH\P2-DSH\JuegoZigZag\Library\ScriptAssemblies\UnityEngine.UI.dll
Symbol file LoadedFromMemory is not a mono symbol file
Symbol file data-0000022D5573E020 doesn't match image C:\Users\Usuario\Desktop\UNI\DSH\P2-DSH\JuegoZigZag\Library\ScriptAssemblies\Unity.EditorCoroutines.Editor.dll
Symbol file LoadedFromMemory is not a mono symbol file
Symbol file data-0000022B824A7A50 doesn't match image C:\Users\Usuario\Desktop\UNI\DSH\P2-DSH\JuegoZigZag\Library\ScriptAssemblies\Unity.VisualScripting.SettingsProvider.Editor.dll
Symbol file LoadedFromMemory is not a mono symbol file
Symbol file data-0000022D56264890 doesn't match image C:\Users\Usuario\Desktop\UNI\DSH\P2-DSH\JuegoZigZag\Library\ScriptAssemblies\Unity.Performance.Profile-Analyzer.Editor.dll
Symbol file LoadedFromMemory is not a mono symbol file
Symbol file data-0000022B81AC8030 doesn't match image C:\Users\Usuario\Desktop\UNI\DSH\P2-DSH\JuegoZigZag\Library\ScriptAssemblies\Unity.TestTools.CodeCoverage.Editor.dll
Symbol file LoadedFromMemory is not a mono symbol file
Symbol file data-0000022B83018050 doesn't match image C:\Users\Usuario\Desktop\UNI\DSH\P2-DSH\JuegoZigZag\Library\ScriptAssemblies\Unity.TestTools.CodeCoverage.Editor.OpenCover.Model.dll
Symbol file LoadedFromMemory is not a mono symbol file
Symbol file data-0000022D55E78C50 doesn't match image C:\Users\Usuario\Desktop\UNI\DSH\P2-DSH\JuegoZigZag\Library\ScriptAssemblies\Unity.PlasticSCM.Editor.dll
Symbol file LoadedFromMemory is not a mono symbol file
Symbol file data-0000022D78EB67F0 doesn't match image C:\Users\Usuario\Desktop\UNI\DSH\P2-DSH\JuegoZigZag\Library\ScriptAssemblies\UnityEngine.TestRunner.dll
Symbol file LoadedFromMemory is not a mono symbol file
Symbol file data-0000022B82D10A50 doesn't match image C:\Users\Usuario\Desktop\UNI\DSH\P2-DSH\JuegoZigZag\Library\ScriptAssemblies\Unity.VisualScripting.State.Editor.dll
Symbol file LoadedFromMemory is not a mono symbol file
Symbol file data-0000022D7796F020 doesn't match image C:\Users\Usuario\Desktop\UNI\DSH\P2-DSH\JuegoZigZag\Library\ScriptAssemblies\Unity.Timeline.Editor.dll
Symbol file LoadedFromMemory is not a mono symbol file
Symbol file data-0000022B83018050 doesn't match image C:\Users\Usuario\Desktop\UNI\DSH\P2-DSH\JuegoZigZag\Library\ScriptAssemblies\Unity.Settings.Editor.dll
Symbol file LoadedFromMemory is not a mono symbol file
Symbol file data-0000022B89B973B0 doesn't match image C:\Users\Usuario\Desktop\UNI\DSH\P2-DSH\JuegoZigZag\Library\ScriptAssemblies\Unity.VisualScripting.Shared.Editor.dll
Symbol file LoadedFromMemory is not a mono symbol file
Symbol file data-0000022B89B973B0 doesn't match image C:\Users\Usuario\Desktop\UNI\DSH\P2-DSH\JuegoZigZag\Library\ScriptAssemblies\Unity.CollabProxy.Editor.dll
Symbol file LoadedFromMemory is not a mono symbol file
Symbol file data-0000022D7954C040 doesn't match image C:\Users\Usuario\Desktop\UNI\DSH\P2-DSH\JuegoZigZag\Library\ScriptAssemblies\Unity.VisualStudio.Editor.dll
Symbol file LoadedFromMemory is not a mono symbol file
Symbol file data-0000022D77D98020 doesn't match image C:\Users\Usuario\Desktop\UNI\DSH\P2-DSH\JuegoZigZag\Library\ScriptAssemblies\Unity.TextMeshPro.dll
Symbol file LoadedFromMemory is not a mono symbol file
Symbol file data-0000022D55450080 doesn't match image C:\Users\Usuario\Desktop\UNI\DSH\P2-DSH\JuegoZigZag\Library\ScriptAssemblies\Unity.VisualScripting.Core.dll
Symbol file LoadedFromMemory is not a mono symbol file
Symbol file data-0000022D78598030 doesn't match image C:\Users\Usuario\Desktop\UNI\DSH\P2-DSH\JuegoZigZag\Library\ScriptAssemblies\Unity.TextMeshPro.Editor.dll
Symbol file LoadedFromMemory is not a mono symbol file
Symbol file data-0000022B82D10A50 doesn't match image C:\Users\Usuario\Desktop\UNI\DSH\P2-DSH\JuegoZigZag\Library\ScriptAssemblies\UnityEditor.UI.dll
Symbol file LoadedFromMemory is not a mono symbol file
Symbol file data-0000022D77F4A020 doesn't match image C:\Users\Usuario\Desktop\UNI\DSH\P2-DSH\JuegoZigZag\Library\ScriptAssemblies\Unity.VisualScripting.Core.Editor.dll
Symbol file LoadedFromMemory is not a mono symbol file
Symbol file data-0000022D56138020 doesn't match image C:\Users\Usuario\Desktop\UNI\DSH\P2-DSH\JuegoZigZag\Library\ScriptAssemblies\Unity.Rider.Editor.dll
Symbol file LoadedFromMemory is not a mono symbol file
Symbol file data-0000022D55A9FCC0 doesn't match image C:\Users\Usuario\Desktop\UNI\DSH\P2-DSH\JuegoZigZag\Library\ScriptAssemblies\Unity.VisualScripting.State.dll
Symbol file LoadedFromMemory is not a mono symbol file
Symbol file data-0000022D55A9FCC0 doesn't match image C:\Users\Usuario\Desktop\UNI\DSH\P2-DSH\JuegoZigZag\Library\ScriptAssemblies\Unity.VSCode.Editor.dll
Symbol file LoadedFromMemory is not a mono symbol file
Symbol file data-0000022B82898050 doesn't match image C:\Users\Usuario\Desktop\UNI\DSH\P2-DSH\JuegoZigZag\Library\ScriptAssemblies\Unity.2D.Sprite.Editor.dll
Symbol file LoadedFromMemory is not a mono symbol file
Symbol file data-0000022B82898050 doesn't match image C:\Users\Usuario\Desktop\UNI\DSH\P2-DSH\JuegoZigZag\Library\ScriptAssemblies\UnityEditor.TestRunner.dll
Symbol file LoadedFromMemory is not a mono symbol file
Symbol file data-0000022D77F04020 doesn't match image C:\Users\Usuario\Desktop\UNI\DSH\P2-DSH\JuegoZigZag\Library\ScriptAssemblies\Unity.VisualScripting.Flow.dll
Symbol file LoadedFromMemory is not a mono symbol file
Symbol file data-0000022D56264890 doesn't match image C:\Users\Usuario\Desktop\UNI\DSH\P2-DSH\JuegoZigZag\Library\ScriptAssemblies\Unity.VisualScripting.Flow.Editor.dll
Symbol file LoadedFromMemory is not a mono symbol file
- Loaded All Assemblies, in  0.890 seconds
Refreshing native plugins compatible for Editor in 6.46 ms, found 3 plugins.
Native extension for WindowsStandalone target not found
Native extension for Android target not found
Native extension for WebGL target not found
[Package Manager] Server::EnsureServerProcessIsRunning -- launch failed, reason: Unity was launched with the -noUpm command-line argument
[Package Manager] UpmClient::Send -- Unable to send message (not connected to UPM process).
[Package Manager] Cannot connect to Unity Package Manager local server
Mono: successfully reloaded assembly
- Finished resetting the current domain, in  2.187 seconds
Domain Reload Profiling: 3071ms
	BeginReloadAssembly (323ms)
		ExecutionOrderSort (0ms)
		DisableScriptedObjects (9ms)
		BackupInstance (0ms)
		ReleaseScriptingObjects (0ms)
		CreateAndSetChildDomain (68ms)
	RebuildCommonClasses (76ms)
	RebuildNativeTypeToScriptingClass (25ms)
	initialDomainReloadingComplete (73ms)
	LoadAllAssembliesAndSetupDomain (387ms)
		LoadAssemblies (555ms)
		RebuildTransferFunctionScriptingTraits (0ms)
		AnalyzeDomain (20ms)
			TypeCache.Refresh (7ms)
				TypeCache.ScanAssembly (0ms)
			ScanForSourceGeneratedMonoScriptInfo (0ms)
			ResolveRequiredComponents (11ms)
	FinalizeReload (2188ms)
		ReleaseScriptCaches (0ms)
		RebuildScriptCaches (0ms)
		SetupLoadedEditorAssemblies (972ms)
			LogAssemblyErrors (0ms)
			InitializePlatformSupportModulesInManaged (67ms)
			SetLoadedEditorAssemblies (10ms)
			RefreshPlugins (0ms)
			BeforeProcessingInitializeOnLoad (142ms)
			ProcessInitializeOnLoadAttributes (688ms)
			ProcessInitializeOnLoadMethodAttributes (49ms)
			AfterProcessingInitializeOnLoad (15ms)
			EditorAssembliesLoaded (0ms)
		ExecutionOrderSort2 (0ms)
		AwakeInstancesAfterBackupRestoration (20ms)
Refreshing native plugins compatible for Editor in 6.22 ms, found 3 plugins.
Preloading 0 native plugins for Editor in 0.00 ms.
Unloading 3121 Unused Serialized files (Serialized files now loaded: 0)
Unloading 26 unused Assets / (31.2 KB). Loaded Objects now: 3614.
Memory consumption went from 132.0 MB to 132.0 MB.
Total: 5.789200 ms (FindLiveObjects: 0.512700 ms CreateObjectMapping: 0.544500 ms MarkObjects: 4.647500 ms  DeleteObjects: 0.081700 ms)

Prepare: number of updated asset objects reloaded= 0
AssetImportParameters requested are different than current active one (requested -> active):
  custom:container-demuxer-ogg: 62fdf1f143b41e24485cea50d1cbac27 -> 
  custom:video-codec-MediaFoundation-h265: 746d11721c4dcdbdad8f713fa42b33f4 -> 
  custom:video-decoder-ogg-theora: a1e56fd34408186e4bbccfd4996cb3dc -> 
  custom:framework-win-MediaFoundation: 216162199b28c13a410421893ffa2e32 -> 
  custom:CustomObjectIndexerAttribute: 6d391050e5a25f67b0a2c618074f2cd9 -> 
  custom:container-demuxer-webm: 4f35f7cbe854078d1ac9338744f61a02 -> 
  custom:container-muxer-webm: aa71ff27fc2769a1b78a27578f13a17b -> 
  custom:video-decoder-webm-vp8: 9c59270c3fd7afecdb556c50c9e8de78 -> 
  custom:SearchIndexIgnoredProperties: e643bd26f0fe6173181afceb89e7c659 -> 
  custom:AudioImporter_EditorPlatform: d09bf68614088b80899f8185d706f6e7 -> 
  custom:video-encoder-webm-vp8: eb34c28f22e8b96e1ab97ce403110664 -> 
  custom:audio-decoder-ogg-vorbis: bf7c407c2cedff20999df2af8eb42d56 -> 
  custom:audio-encoder-webm-vorbis: bf7c407c2cedff20999df2af8eb42d56 -> 
========================================================================
Received Prepare
Begin MonoManager ReloadAssembly
Symbol file data-0000022D56338280 doesn't match image C:\Users\Usuario\Desktop\UNI\DSH\P2-DSH\JuegoZigZag\Library\ScriptAssemblies\Unity.Timeline.dll
Symbol file LoadedFromMemory is not a mono symbol file
Symbol file data-0000022D557C23A0 doesn't match image C:\Users\Usuario\Desktop\UNI\DSH\P2-DSH\JuegoZigZag\Library\ScriptAssemblies\Unity.TestTools.CodeCoverage.Editor.OpenCover.Mono.Reflection.dll
Symbol file LoadedFromMemory is not a mono symbol file
Symbol file data-0000022B81B1A020 doesn't match image C:\Users\Usuario\Desktop\UNI\DSH\P2-DSH\JuegoZigZag\Library\ScriptAssemblies\UnityEngine.UI.dll
Symbol file LoadedFromMemory is not a mono symbol file
Symbol file data-0000022B89B973B0 doesn't match image C:\Users\Usuario\Desktop\UNI\DSH\P2-DSH\JuegoZigZag\Library\ScriptAssemblies\Unity.EditorCoroutines.Editor.dll
Symbol file LoadedFromMemory is not a mono symbol file
Symbol file data-0000022D55CDD7B0 doesn't match image C:\Users\Usuario\Desktop\UNI\DSH\P2-DSH\JuegoZigZag\Library\ScriptAssemblies\Unity.VisualScripting.SettingsProvider.Editor.dll
Symbol file LoadedFromMemory is not a mono symbol file
Symbol file data-0000022D782F9020 doesn't match image C:\Users\Usuario\Desktop\UNI\DSH\P2-DSH\JuegoZigZag\Library\ScriptAssemblies\Unity.Performance.Profile-Analyzer.Editor.dll
Symbol file LoadedFromMemory is not a mono symbol file
Symbol file data-0000022D7954C040 doesn't match image C:\Users\Usuario\Desktop\UNI\DSH\P2-DSH\JuegoZigZag\Library\ScriptAssemblies\Unity.TestTools.CodeCoverage.Editor.dll
Symbol file LoadedFromMemory is not a mono symbol file
Symbol file data-0000022D77878050 doesn't match image C:\Users\Usuario\Desktop\UNI\DSH\P2-DSH\JuegoZigZag\Library\ScriptAssemblies\Unity.TestTools.CodeCoverage.Editor.OpenCover.Model.dll
Symbol file LoadedFromMemory is not a mono symbol file
Symbol file data-0000022B81520080 doesn't match image C:\Users\Usuario\Desktop\UNI\DSH\P2-DSH\JuegoZigZag\Library\ScriptAssemblies\Unity.PlasticSCM.Editor.dll
Symbol file LoadedFromMemory is not a mono symbol file
Symbol file data-0000022D78EB67F0 doesn't match image C:\Users\Usuario\Desktop\UNI\DSH\P2-DSH\JuegoZigZag\Library\ScriptAssemblies\UnityEngine.TestRunner.dll
Symbol file LoadedFromMemory is not a mono symbol file
Symbol file data-0000022B82D10A50 doesn't match image C:\Users\Usuario\Desktop\UNI\DSH\P2-DSH\JuegoZigZag\Library\ScriptAssemblies\Unity.VisualScripting.State.Editor.dll
Symbol file LoadedFromMemory is not a mono symbol file
Symbol file data-0000022D7796F020 doesn't match image C:\Users\Usuario\Desktop\UNI\DSH\P2-DSH\JuegoZigZag\Library\ScriptAssemblies\Unity.Timeline.Editor.dll
Symbol file LoadedFromMemory is not a mono symbol file
Symbol file data-0000022D77878050 doesn't match image C:\Users\Usuario\Desktop\UNI\DSH\P2-DSH\JuegoZigZag\Library\ScriptAssemblies\Unity.Settings.Editor.dll
Symbol file LoadedFromMemory is not a mono symbol file
Symbol file data-0000022D557C23A0 doesn't match image C:\Users\Usuario\Desktop\UNI\DSH\P2-DSH\JuegoZigZag\Library\ScriptAssemblies\Unity.VisualScripting.Shared.Editor.dll
Symbol file LoadedFromMemory is not a mono symbol file
Symbol file data-0000022D5573E020 doesn't match image C:\Users\Usuario\Desktop\UNI\DSH\P2-DSH\JuegoZigZag\Library\ScriptAssemblies\Unity.CollabProxy.Editor.dll
Symbol file LoadedFromMemory is not a mono symbol file
Symbol file data-0000022D796D0AC0 doesn't match image C:\Users\Usuario\Desktop\UNI\DSH\P2-DSH\JuegoZigZag\Library\ScriptAssemblies\Unity.VisualStudio.Editor.dll
Symbol file LoadedFromMemory is not a mono symbol file
Symbol file data-0000022D563B6050 doesn't match image C:\Users\Usuario\Desktop\UNI\DSH\P2-DSH\JuegoZigZag\Library\ScriptAssemblies\Unity.TextMeshPro.dll
Symbol file LoadedFromMemory is not a mono symbol file
Symbol file data-0000022B81520080 doesn't match image C:\Users\Usuario\Desktop\UNI\DSH\P2-DSH\JuegoZigZag\Library\ScriptAssemblies\Unity.VisualScripting.Core.dll
Symbol file LoadedFromMemory is not a mono symbol file
Symbol file data-0000022D77DC4060 doesn't match image C:\Users\Usuario\Desktop\UNI\DSH\P2-DSH\JuegoZigZag\Library\ScriptAssemblies\Unity.TextMeshPro.Editor.dll
Symbol file LoadedFromMemory is not a mono symbol file
Symbol file data-0000022B82D10A50 doesn't match image C:\Users\Usuario\Desktop\UNI\DSH\P2-DSH\JuegoZigZag\Library\ScriptAssemblies\UnityEditor.UI.dll
Symbol file LoadedFromMemory is not a mono symbol file
Symbol file data-0000022D77F4A020 doesn't match image C:\Users\Usuario\Desktop\UNI\DSH\P2-DSH\JuegoZigZag\Library\ScriptAssemblies\Unity.VisualScripting.Core.Editor.dll
Symbol file LoadedFromMemory is not a mono symbol file
Symbol file data-0000022B82D10A50 doesn't match image C:\Users\Usuario\Desktop\UNI\DSH\P2-DSH\JuegoZigZag\Library\ScriptAssemblies\Unity.Rider.Editor.dll
Symbol file LoadedFromMemory is not a mono symbol file
Symbol file data-0000022B81986020 doesn't match image C:\Users\Usuario\Desktop\UNI\DSH\P2-DSH\JuegoZigZag\Library\ScriptAssemblies\Unity.VisualScripting.State.dll
Symbol file LoadedFromMemory is not a mono symbol file
Symbol file data-0000022B81986020 doesn't match image C:\Users\Usuario\Desktop\UNI\DSH\P2-DSH\JuegoZigZag\Library\ScriptAssemblies\Unity.VSCode.Editor.dll
Symbol file LoadedFromMemory is not a mono symbol file
Symbol file data-0000022D77DC4060 doesn't match image C:\Users\Usuario\Desktop\UNI\DSH\P2-DSH\JuegoZigZag\Library\ScriptAssemblies\Unity.2D.Sprite.Editor.dll
Symbol file LoadedFromMemory is not a mono symbol file
Symbol file data-0000022B83006030 doesn't match image C:\Users\Usuario\Desktop\UNI\DSH\P2-DSH\JuegoZigZag\Library\ScriptAssemblies\UnityEditor.TestRunner.dll
Symbol file LoadedFromMemory is not a mono symbol file
Symbol file data-0000022B81520080 doesn't match image C:\Users\Usuario\Desktop\UNI\DSH\P2-DSH\JuegoZigZag\Library\ScriptAssemblies\Unity.VisualScripting.Flow.dll
Symbol file LoadedFromMemory is not a mono symbol file
Symbol file data-0000022D782F9020 doesn't match image C:\Users\Usuario\Desktop\UNI\DSH\P2-DSH\JuegoZigZag\Library\ScriptAssemblies\Unity.VisualScripting.Flow.Editor.dll
Symbol file LoadedFromMemory is not a mono symbol file
- Loaded All Assemblies, in  0.935 seconds
Refreshing native plugins compatible for Editor in 7.66 ms, found 3 plugins.
Native extension for WindowsStandalone target not found
Native extension for Android target not found
Native extension for WebGL target not found
[Package Manager] Server::EnsureServerProcessIsRunning -- launch failed, reason: Unity was launched with the -noUpm command-line argument
[Package Manager] UpmClient::Send -- Unable to send message (not connected to UPM process).
[Package Manager] Cannot connect to Unity Package Manager local server
Mono: successfully reloaded assembly
- Finished resetting the current domain, in  1.697 seconds
Domain Reload Profiling: 2627ms
	BeginReloadAssembly (314ms)
		ExecutionOrderSort (0ms)
		DisableScriptedObjects (12ms)
		BackupInstance (0ms)
		ReleaseScriptingObjects (0ms)
		CreateAndSetChildDomain (63ms)
	RebuildCommonClasses (78ms)
	RebuildNativeTypeToScriptingClass (30ms)
	initialDomainReloadingComplete (67ms)
	LoadAllAssembliesAndSetupDomain (439ms)
		LoadAssemblies (590ms)
		RebuildTransferFunctionScriptingTraits (0ms)
		AnalyzeDomain (35ms)
			TypeCache.Refresh (14ms)
				TypeCache.ScanAssembly (1ms)
			ScanForSourceGeneratedMonoScriptInfo (12ms)
			ResolveRequiredComponents (7ms)
	FinalizeReload (1698ms)
		ReleaseScriptCaches (0ms)
		RebuildScriptCaches (0ms)
		SetupLoadedEditorAssemblies (688ms)
			LogAssemblyErrors (0ms)
			InitializePlatformSupportModulesInManaged (49ms)
			SetLoadedEditorAssemblies (10ms)
			RefreshPlugins (0ms)
			BeforeProcessingInitializeOnLoad (109ms)
			ProcessInitializeOnLoadAttributes (459ms)
			ProcessInitializeOnLoadMethodAttributes (48ms)
			AfterProcessingInitializeOnLoad (11ms)
			EditorAssembliesLoaded (0ms)
		ExecutionOrderSort2 (0ms)
		AwakeInstancesAfterBackupRestoration (15ms)
Refreshing native plugins compatible for Editor in 5.56 ms, found 3 plugins.
Preloading 0 native plugins for Editor in 0.00 ms.
Unloading 3121 Unused Serialized files (Serialized files now loaded: 0)
Unloading 26 unused Assets / (31.2 KB). Loaded Objects now: 3617.
Memory consumption went from 133.9 MB to 133.9 MB.
Total: 5.712800 ms (FindLiveObjects: 0.448000 ms CreateObjectMapping: 0.213400 ms MarkObjects: 4.907500 ms  DeleteObjects: 0.141700 ms)

Prepare: number of updated asset objects reloaded= 0
AssetImportParameters requested are different than current active one (requested -> active):
  custom:container-demuxer-ogg: 62fdf1f143b41e24485cea50d1cbac27 -> 
  custom:video-codec-MediaFoundation-h265: 746d11721c4dcdbdad8f713fa42b33f4 -> 
  custom:video-decoder-ogg-theora: a1e56fd34408186e4bbccfd4996cb3dc -> 
  custom:framework-win-MediaFoundation: 216162199b28c13a410421893ffa2e32 -> 
  custom:CustomObjectIndexerAttribute: 6d391050e5a25f67b0a2c618074f2cd9 -> 
  custom:container-demuxer-webm: 4f35f7cbe854078d1ac9338744f61a02 -> 
  custom:container-muxer-webm: aa71ff27fc2769a1b78a27578f13a17b -> 
  custom:video-decoder-webm-vp8: 9c59270c3fd7afecdb556c50c9e8de78 -> 
  custom:SearchIndexIgnoredProperties: e643bd26f0fe6173181afceb89e7c659 -> 
  custom:AudioImporter_EditorPlatform: d09bf68614088b80899f8185d706f6e7 -> 
  custom:video-encoder-webm-vp8: eb34c28f22e8b96e1ab97ce403110664 -> 
  custom:audio-decoder-ogg-vorbis: bf7c407c2cedff20999df2af8eb42d56 -> 
  custom:audio-encoder-webm-vorbis: bf7c407c2cedff20999df2af8eb42d56 -> 
========================================================================
Received Prepare
Begin MonoManager ReloadAssembly
Symbol file data-0000022D56338280 doesn't match image C:\Users\Usuario\Desktop\UNI\DSH\P2-DSH\JuegoZigZag\Library\ScriptAssemblies\Unity.Timeline.dll
Symbol file LoadedFromMemory is not a mono symbol file
Symbol file data-0000022B82475E30 doesn't match image C:\Users\Usuario\Desktop\UNI\DSH\P2-DSH\JuegoZigZag\Library\ScriptAssemblies\Unity.TestTools.CodeCoverage.Editor.OpenCover.Mono.Reflection.dll
Symbol file LoadedFromMemory is not a mono symbol file
Symbol file data-0000022DC0427030 doesn't match image C:\Users\Usuario\Desktop\UNI\DSH\P2-DSH\JuegoZigZag\Library\ScriptAssemblies\UnityEngine.UI.dll
Symbol file LoadedFromMemory is not a mono symbol file
Symbol file data-0000022B82475E30 doesn't match image C:\Users\Usuario\Desktop\UNI\DSH\P2-DSH\JuegoZigZag\Library\ScriptAssemblies\Unity.EditorCoroutines.Editor.dll
Symbol file LoadedFromMemory is not a mono symbol file
Symbol file data-0000022D79AAA010 doesn't match image C:\Users\Usuario\Desktop\UNI\DSH\P2-DSH\JuegoZigZag\Library\ScriptAssemblies\Unity.VisualScripting.SettingsProvider.Editor.dll
Symbol file LoadedFromMemory is not a mono symbol file
Symbol file data-0000022D56264890 doesn't match image C:\Users\Usuario\Desktop\UNI\DSH\P2-DSH\JuegoZigZag\Library\ScriptAssemblies\Unity.Performance.Profile-Analyzer.Editor.dll
Symbol file LoadedFromMemory is not a mono symbol file
Symbol file data-0000022D5576E020 doesn't match image C:\Users\Usuario\Desktop\UNI\DSH\P2-DSH\JuegoZigZag\Library\ScriptAssemblies\Unity.TestTools.CodeCoverage.Editor.dll
Symbol file LoadedFromMemory is not a mono symbol file
Symbol file data-0000022B81FEDA50 doesn't match image C:\Users\Usuario\Desktop\UNI\DSH\P2-DSH\JuegoZigZag\Library\ScriptAssemblies\Unity.TestTools.CodeCoverage.Editor.OpenCover.Model.dll
Symbol file LoadedFromMemory is not a mono symbol file
Symbol file data-0000022D77F04020 doesn't match image C:\Users\Usuario\Desktop\UNI\DSH\P2-DSH\JuegoZigZag\Library\ScriptAssemblies\Unity.PlasticSCM.Editor.dll
Symbol file LoadedFromMemory is not a mono symbol file
Symbol file data-0000022D560766E0 doesn't match image C:\Users\Usuario\Desktop\UNI\DSH\P2-DSH\JuegoZigZag\Library\ScriptAssemblies\UnityEngine.TestRunner.dll
Symbol file LoadedFromMemory is not a mono symbol file
Symbol file data-0000022B82D10A50 doesn't match image C:\Users\Usuario\Desktop\UNI\DSH\P2-DSH\JuegoZigZag\Library\ScriptAssemblies\Unity.VisualScripting.State.Editor.dll
Symbol file LoadedFromMemory is not a mono symbol file
Symbol file data-0000022D7796F020 doesn't match image C:\Users\Usuario\Desktop\UNI\DSH\P2-DSH\JuegoZigZag\Library\ScriptAssemblies\Unity.Timeline.Editor.dll
Symbol file LoadedFromMemory is not a mono symbol file
Symbol file data-0000022B81FEDA50 doesn't match image C:\Users\Usuario\Desktop\UNI\DSH\P2-DSH\JuegoZigZag\Library\ScriptAssemblies\Unity.Settings.Editor.dll
Symbol file LoadedFromMemory is not a mono symbol file
Symbol file data-0000022B81CDB670 doesn't match image C:\Users\Usuario\Desktop\UNI\DSH\P2-DSH\JuegoZigZag\Library\ScriptAssemblies\Unity.VisualScripting.Shared.Editor.dll
Symbol file LoadedFromMemory is not a mono symbol file
Symbol file data-0000022B81CDB670 doesn't match image C:\Users\Usuario\Desktop\UNI\DSH\P2-DSH\JuegoZigZag\Library\ScriptAssemblies\Unity.CollabProxy.Editor.dll
Symbol file LoadedFromMemory is not a mono symbol file
Symbol file data-0000022D7952C020 doesn't match image C:\Users\Usuario\Desktop\UNI\DSH\P2-DSH\JuegoZigZag\Library\ScriptAssemblies\Unity.VisualStudio.Editor.dll
Symbol file LoadedFromMemory is not a mono symbol file
Symbol file data-0000022B83266040 doesn't match image C:\Users\Usuario\Desktop\UNI\DSH\P2-DSH\JuegoZigZag\Library\ScriptAssemblies\Unity.TextMeshPro.dll
Symbol file LoadedFromMemory is not a mono symbol file
Symbol file data-0000022B81520080 doesn't match image C:\Users\Usuario\Desktop\UNI\DSH\P2-DSH\JuegoZigZag\Library\ScriptAssemblies\Unity.VisualScripting.Core.dll
Symbol file LoadedFromMemory is not a mono symbol file
Symbol file data-0000022D78598030 doesn't match image C:\Users\Usuario\Desktop\UNI\DSH\P2-DSH\JuegoZigZag\Library\ScriptAssemblies\Unity.TextMeshPro.Editor.dll
Symbol file LoadedFromMemory is not a mono symbol file
Symbol file data-0000022B82D10A50 doesn't match image C:\Users\Usuario\Desktop\UNI\DSH\P2-DSH\JuegoZigZag\Library\ScriptAssemblies\UnityEditor.UI.dll
Symbol file LoadedFromMemory is not a mono symbol file
Symbol file data-0000022D77F4A020 doesn't match image C:\Users\Usuario\Desktop\UNI\DSH\P2-DSH\JuegoZigZag\Library\ScriptAssemblies\Unity.VisualScripting.Core.Editor.dll
Symbol file LoadedFromMemory is not a mono symbol file
Symbol file data-0000022D56138020 doesn't match image C:\Users\Usuario\Desktop\UNI\DSH\P2-DSH\JuegoZigZag\Library\ScriptAssemblies\Unity.Rider.Editor.dll
Symbol file LoadedFromMemory is not a mono symbol file
Symbol file data-0000022D78D14010 doesn't match image C:\Users\Usuario\Desktop\UNI\DSH\P2-DSH\JuegoZigZag\Library\ScriptAssemblies\Unity.VisualScripting.State.dll
Symbol file LoadedFromMemory is not a mono symbol file
Symbol file data-0000022D78D14010 doesn't match image C:\Users\Usuario\Desktop\UNI\DSH\P2-DSH\JuegoZigZag\Library\ScriptAssemblies\Unity.VSCode.Editor.dll
Symbol file LoadedFromMemory is not a mono symbol file
Symbol file data-0000022B82898050 doesn't match image C:\Users\Usuario\Desktop\UNI\DSH\P2-DSH\JuegoZigZag\Library\ScriptAssemblies\Unity.2D.Sprite.Editor.dll
Symbol file LoadedFromMemory is not a mono symbol file
Symbol file data-0000022D77DC0050 doesn't match image C:\Users\Usuario\Desktop\UNI\DSH\P2-DSH\JuegoZigZag\Library\ScriptAssemblies\UnityEditor.TestRunner.dll
Symbol file LoadedFromMemory is not a mono symbol file
Symbol file data-0000022D77F04020 doesn't match image C:\Users\Usuario\Desktop\UNI\DSH\P2-DSH\JuegoZigZag\Library\ScriptAssemblies\Unity.VisualScripting.Flow.dll
Symbol file LoadedFromMemory is not a mono symbol file
Symbol file data-0000022D56264890 doesn't match image C:\Users\Usuario\Desktop\UNI\DSH\P2-DSH\JuegoZigZag\Library\ScriptAssemblies\Unity.VisualScripting.Flow.Editor.dll
Symbol file LoadedFromMemory is not a mono symbol file
- Loaded All Assemblies, in  0.843 seconds
Refreshing native plugins compatible for Editor in 7.26 ms, found 3 plugins.
Native extension for WindowsStandalone target not found
Native extension for Android target not found
Native extension for WebGL target not found
[Package Manager] Server::EnsureServerProcessIsRunning -- launch failed, reason: Unity was launched with the -noUpm command-line argument
[Package Manager] UpmClient::Send -- Unable to send message (not connected to UPM process).
[Package Manager] Cannot connect to Unity Package Manager local server
Mono: successfully reloaded assembly
- Finished resetting the current domain, in  2.245 seconds
Domain Reload Profiling: 3084ms
	BeginReloadAssembly (292ms)
		ExecutionOrderSort (0ms)
		DisableScriptedObjects (11ms)
		BackupInstance (0ms)
		ReleaseScriptingObjects (0ms)
		CreateAndSetChildDomain (63ms)
	RebuildCommonClasses (93ms)
	RebuildNativeTypeToScriptingClass (20ms)
	initialDomainReloadingComplete (57ms)
	LoadAllAssembliesAndSetupDomain (376ms)
		LoadAssemblies (519ms)
		RebuildTransferFunctionScriptingTraits (0ms)
		AnalyzeDomain (20ms)
			TypeCache.Refresh (9ms)
				TypeCache.ScanAssembly (0ms)
			ScanForSourceGeneratedMonoScriptInfo (0ms)
			ResolveRequiredComponents (8ms)
	FinalizeReload (2246ms)
		ReleaseScriptCaches (0ms)
		RebuildScriptCaches (0ms)
		SetupLoadedEditorAssemblies (997ms)
			LogAssemblyErrors (0ms)
			InitializePlatformSupportModulesInManaged (74ms)
			SetLoadedEditorAssemblies (11ms)
			RefreshPlugins (0ms)
			BeforeProcessingInitializeOnLoad (144ms)
			ProcessInitializeOnLoadAttributes (694ms)
			ProcessInitializeOnLoadMethodAttributes (56ms)
			AfterProcessingInitializeOnLoad (18ms)
			EditorAssembliesLoaded (0ms)
		ExecutionOrderSort2 (0ms)
		AwakeInstancesAfterBackupRestoration (23ms)
Refreshing native plugins compatible for Editor in 8.54 ms, found 3 plugins.
Preloading 0 native plugins for Editor in 0.00 ms.
Unloading 3121 Unused Serialized files (Serialized files now loaded: 0)
Unloading 26 unused Assets / (31.1 KB). Loaded Objects now: 3620.
Memory consumption went from 135.9 MB to 135.8 MB.
Total: 6.883700 ms (FindLiveObjects: 1.012900 ms CreateObjectMapping: 0.571400 ms MarkObjects: 5.166800 ms  DeleteObjects: 0.129500 ms)

Prepare: number of updated asset objects reloaded= 0
AssetImportParameters requested are different than current active one (requested -> active):
  custom:container-demuxer-ogg: 62fdf1f143b41e24485cea50d1cbac27 -> 
  custom:video-codec-MediaFoundation-h265: 746d11721c4dcdbdad8f713fa42b33f4 -> 
  custom:video-decoder-ogg-theora: a1e56fd34408186e4bbccfd4996cb3dc -> 
  custom:framework-win-MediaFoundation: 216162199b28c13a410421893ffa2e32 -> 
  custom:CustomObjectIndexerAttribute: 6d391050e5a25f67b0a2c618074f2cd9 -> 
  custom:container-demuxer-webm: 4f35f7cbe854078d1ac9338744f61a02 -> 
  custom:container-muxer-webm: aa71ff27fc2769a1b78a27578f13a17b -> 
  custom:video-decoder-webm-vp8: 9c59270c3fd7afecdb556c50c9e8de78 -> 
  custom:SearchIndexIgnoredProperties: e643bd26f0fe6173181afceb89e7c659 -> 
  custom:AudioImporter_EditorPlatform: d09bf68614088b80899f8185d706f6e7 -> 
  custom:video-encoder-webm-vp8: eb34c28f22e8b96e1ab97ce403110664 -> 
  custom:audio-decoder-ogg-vorbis: bf7c407c2cedff20999df2af8eb42d56 -> 
  custom:audio-encoder-webm-vorbis: bf7c407c2cedff20999df2af8eb42d56 -> 
========================================================================
Received Import Request.
  Time since last request: 1752.272207 seconds.
  path: Assets/Scenes/Escena03.unity
  artifactKey: Guid(7917e05185dfa7f4c81fc9e82dc37653) Importer(815301076,1909f56bfc062723c751e8b465ee728b)
Start importing Assets/Scenes/Escena03.unity using Guid(7917e05185dfa7f4c81fc9e82dc37653) Importer(815301076,1909f56bfc062723c751e8b465ee728b)  -> (artifact id: 'cb55cb61065d5a7fd6abd8ff721a6433') in 0.010987 seconds
Number of updated asset objects reloaded before import = 0
Number of asset objects unloaded after import = 0
========================================================================
Received Import Request.
  Time since last request: 5.496136 seconds.
  path: Assets/Scenes/Escena01Pruebas.unity
  artifactKey: Guid(0485f1949f4189e44a48d3a2eab46671) Importer(815301076,1909f56bfc062723c751e8b465ee728b)
Start importing Assets/Scenes/Escena01Pruebas.unity using Guid(0485f1949f4189e44a48d3a2eab46671) Importer(815301076,1909f56bfc062723c751e8b465ee728b)  -> (artifact id: '2ea4451b90e45eeb396f4d7d6314263a') in 0.001254 seconds
Number of updated asset objects reloaded before import = 0
Number of asset objects unloaded after import = 0
========================================================================
Received Import Request.
  Time since last request: 208.746047 seconds.
  path: Assets/Scenes/EscenaSuelos.unity
  artifactKey: Guid(fc0259213ce84c74a9c384acce3c7237) Importer(815301076,1909f56bfc062723c751e8b465ee728b)
Start importing Assets/Scenes/EscenaSuelos.unity using Guid(fc0259213ce84c74a9c384acce3c7237) Importer(815301076,1909f56bfc062723c751e8b465ee728b)  -> (artifact id: '7108403cc846dd6affeebd4aee3fa217') in 0.005301 seconds
Number of updated asset objects reloaded before import = 0
Number of asset objects unloaded after import = 0
========================================================================
Received Import Request.
  Time since last request: 31.810928 seconds.
  path: Assets/Scenes/EscenaSuelos.unity
  artifactKey: Guid(fc0259213ce84c74a9c384acce3c7237) Importer(815301076,1909f56bfc062723c751e8b465ee728b)
Start importing Assets/Scenes/EscenaSuelos.unity using Guid(fc0259213ce84c74a9c384acce3c7237) Importer(815301076,1909f56bfc062723c751e8b465ee728b)  -> (artifact id: 'cf011e56a37b7a90e8cfe17f7892b34b') in 0.000977 seconds
Number of updated asset objects reloaded before import = 0
Number of asset objects unloaded after import = 0
========================================================================
Received Import Request.
  Time since last request: 764.222321 seconds.
  path: Assets/Prefabs/Suelos/Estrella (2) Variant.prefab
  artifactKey: Guid(fd89d2190ea0b1346830a26405e3671a) Importer(815301076,1909f56bfc062723c751e8b465ee728b)
Start importing Assets/Prefabs/Suelos/Estrella (2) Variant.prefab using Guid(fd89d2190ea0b1346830a26405e3671a) Importer(815301076,1909f56bfc062723c751e8b465ee728b)  -> (artifact id: '85ebf52bbd37d672a4298ae4198d258f') in 0.246061 seconds
Number of updated asset objects reloaded before import = 0
Number of asset objects unloaded after import = 27
========================================================================
Received Import Request.
  Time since last request: 6.656374 seconds.
  path: Assets/Prefabs/Suelos/SueloPremios Variant.prefab
  artifactKey: Guid(311ed62e3c54fa145975b0531292c601) Importer(815301076,1909f56bfc062723c751e8b465ee728b)
Start importing Assets/Prefabs/Suelos/SueloPremios Variant.prefab using Guid(311ed62e3c54fa145975b0531292c601) Importer(815301076,1909f56bfc062723c751e8b465ee728b)  -> (artifact id: '4fceb79112bf8fc9619990a4adbf35f1') in 0.058538 seconds
Number of updated asset objects reloaded before import = 0
Number of asset objects unloaded after import = 19
========================================================================
Received Import Request.
  Time since last request: 76.185623 seconds.
  path: Assets/Prefabs/Suelos/SueloPremios Variant.prefab
  artifactKey: Guid(311ed62e3c54fa145975b0531292c601) Importer(815301076,1909f56bfc062723c751e8b465ee728b)
Start importing Assets/Prefabs/Suelos/SueloPremios Variant.prefab using Guid(311ed62e3c54fa145975b0531292c601) Importer(815301076,1909f56bfc062723c751e8b465ee728b)  -> (artifact id: 'efd91ff0f35173dd8872748c6519bec3') in 0.037774 seconds
Number of updated asset objects reloaded before import = 0
Number of asset objects unloaded after import = 43
========================================================================
Received Import Request.
  Time since last request: 7.495890 seconds.
  path: Assets/Prefabs/Suelos/Suelo.prefab
  artifactKey: Guid(2345d0dcbd27d7744b2fec462bbfc98e) Importer(815301076,1909f56bfc062723c751e8b465ee728b)
Start importing Assets/Prefabs/Suelos/Suelo.prefab using Guid(2345d0dcbd27d7744b2fec462bbfc98e) Importer(815301076,1909f56bfc062723c751e8b465ee728b)  -> (artifact id: '85c9e6a80eede8e49ec1f9ca74f116a2') in 0.031577 seconds
Number of updated asset objects reloaded before import = 0
Number of asset objects unloaded after import = 10
========================================================================
Received Import Request.
  Time since last request: 835.519868 seconds.
  path: Assets/Properties
  artifactKey: Guid(39ddbbeb188226a49812e0d8b610fa5b) Importer(815301076,1909f56bfc062723c751e8b465ee728b)
Start importing Assets/Properties using Guid(39ddbbeb188226a49812e0d8b610fa5b) Importer(815301076,1909f56bfc062723c751e8b465ee728b)  -> (artifact id: 'c74d34e8e2739e62e68aad2316a30f34') in 0.001487 seconds
Number of updated asset objects reloaded before import = 0
Number of asset objects unloaded after import = 0
