Using pre-set license
Built from '2022.3/staging' branch; Version is '2022.3.19f1 (244b723c30a6) revision 2378610'; Using compiler version '192829333'; Build Type 'Release'
OS: 'Windows 11  (10.0.22631) 64bit Professional' Language: 'es' Physical Memory: 14214 MB
BatchMode: 1, IsHumanControllingUs: 0, StartBugReporterOnCrash: 0, Is64bit: 1, IsPro: 1

COMMAND LINE ARGUMENTS:
C:\Program Files\Unity\Hub\Editor\2022.3.19f1\Editor\Unity.exe
-adb2
-batchMode
-noUpm
-name
AssetImportWorker1
-projectPath
C:/Users/Usuario/Desktop/UNI/DSH/P2-DSH/JuegoZigZag
-logFile
Logs/AssetImportWorker1.log
-srvPort
49742
Successfully changed project path to: C:/Users/Usuario/Desktop/UNI/DSH/P2-DSH/JuegoZigZag
C:/Users/Usuario/Desktop/UNI/DSH/P2-DSH/JuegoZigZag
[UnityMemory] Configuration Parameters - Can be set up in boot.config
    "memorysetup-bucket-allocator-granularity=16"
    "memorysetup-bucket-allocator-bucket-count=8"
    "memorysetup-bucket-allocator-block-size=33554432"
    "memorysetup-bucket-allocator-block-count=8"
    "memorysetup-main-allocator-block-size=16777216"
    "memorysetup-thread-allocator-block-size=16777216"
    "memorysetup-gfx-main-allocator-block-size=16777216"
    "memorysetup-gfx-thread-allocator-block-size=16777216"
    "memorysetup-cache-allocator-block-size=4194304"
    "memorysetup-typetree-allocator-block-size=2097152"
    "memorysetup-profiler-bucket-allocator-granularity=16"
    "memorysetup-profiler-bucket-allocator-bucket-count=8"
    "memorysetup-profiler-bucket-allocator-block-size=33554432"
    "memorysetup-profiler-bucket-allocator-block-count=8"
    "memorysetup-profiler-allocator-block-size=16777216"
    "memorysetup-profiler-editor-allocator-block-size=1048576"
    "memorysetup-temp-allocator-size-main=16777216"
    "memorysetup-job-temp-allocator-block-size=2097152"
    "memorysetup-job-temp-allocator-block-size-background=1048576"
    "memorysetup-job-temp-allocator-reduction-small-platforms=262144"
    "memorysetup-allocator-temp-initial-block-size-main=262144"
    "memorysetup-allocator-temp-initial-block-size-worker=262144"
    "memorysetup-temp-allocator-size-background-worker=32768"
    "memorysetup-temp-allocator-size-job-worker=262144"
    "memorysetup-temp-allocator-size-preload-manager=33554432"
    "memorysetup-temp-allocator-size-nav-mesh-worker=65536"
    "memorysetup-temp-allocator-size-audio-worker=65536"
    "memorysetup-temp-allocator-size-cloud-worker=32768"
    "memorysetup-temp-allocator-size-gi-baking-worker=262144"
    "memorysetup-temp-allocator-size-gfx=262144"
Player connection [9724] Host "[IP] 192.168.1.159 [Port] 0 [Flags] 2 [Guid] 759573709 [EditorId] 759573709 [Version] 1048832 [Id] WindowsEditor(7,PC-Miguel) [Debug] 1 [PackageName] WindowsEditor [ProjectName] Editor" joined multi-casting on [225.0.0.222:54997]...

Player connection [9724] Host "[IP] 192.168.1.159 [Port] 0 [Flags] 2 [Guid] 759573709 [EditorId] 759573709 [Version] 1048832 [Id] WindowsEditor(7,PC-Miguel) [Debug] 1 [PackageName] WindowsEditor [ProjectName] Editor" joined alternative multi-casting on [225.0.0.222:34997]...

[Physics::Module] Initialized MultithreadedJobDispatcher with 7 workers.
Refreshing native plugins compatible for Editor in 218.31 ms, found 3 plugins.
Preloading 0 native plugins for Editor in 0.00 ms.
Initialize engine version: 2022.3.19f1 (244b723c30a6)
[Subsystems] Discovering subsystems at path C:/Program Files/Unity/Hub/Editor/2022.3.19f1/Editor/Data/Resources/UnitySubsystems
[Subsystems] Discovering subsystems at path C:/Users/Usuario/Desktop/UNI/DSH/P2-DSH/JuegoZigZag/Assets
GfxDevice: creating device client; threaded=0; jobified=0
Direct3D:
    Version:  Direct3D 11.0 [level 11.1]
    Renderer: AMD Radeon(TM) Vega 8 Graphics (ID=0x15d8)
    Vendor:   ATI
    VRAM:     7107 MB
    Driver:   27.20.1012.3004
Initialize mono
Mono path[0] = 'C:/Program Files/Unity/Hub/Editor/2022.3.19f1/Editor/Data/Managed'
Mono path[1] = 'C:/Program Files/Unity/Hub/Editor/2022.3.19f1/Editor/Data/MonoBleedingEdge/lib/mono/unityjit-win32'
Mono config path = 'C:/Program Files/Unity/Hub/Editor/2022.3.19f1/Editor/Data/MonoBleedingEdge/etc'
Using monoOptions --debugger-agent=transport=dt_socket,embedding=1,server=y,suspend=n,address=127.0.0.1:56168
Begin MonoManager ReloadAssembly
Registering precompiled unity dll's ...
Register platform support module: C:/Program Files/Unity/Hub/Editor/2022.3.19f1/Editor/Data/PlaybackEngines/WebGLSupport/UnityEditor.WebGL.Extensions.dll
Register platform support module: C:/Program Files/Unity/Hub/Editor/2022.3.19f1/Editor/Data/PlaybackEngines/AndroidPlayer/UnityEditor.Android.Extensions.dll
Register platform support module: C:/Program Files/Unity/Hub/Editor/2022.3.19f1/Editor/Data/PlaybackEngines/WindowsStandaloneSupport/UnityEditor.WindowsStandalone.Extensions.dll
Registered in 0.051484 seconds.
- Loaded All Assemblies, in  1.473 seconds
Native extension for WindowsStandalone target not found
Native extension for Android target not found
Android Extension - Scanning For ADB Devices 1198 ms
Native extension for WebGL target not found
Mono: successfully reloaded assembly
- Finished resetting the current domain, in  3.347 seconds
Domain Reload Profiling: 4832ms
	BeginReloadAssembly (433ms)
		ExecutionOrderSort (0ms)
		DisableScriptedObjects (0ms)
		BackupInstance (0ms)
		ReleaseScriptingObjects (0ms)
		CreateAndSetChildDomain (2ms)
	RebuildCommonClasses (174ms)
	RebuildNativeTypeToScriptingClass (39ms)
	initialDomainReloadingComplete (278ms)
	LoadAllAssembliesAndSetupDomain (543ms)
		LoadAssemblies (431ms)
		RebuildTransferFunctionScriptingTraits (0ms)
		AnalyzeDomain (532ms)
			TypeCache.Refresh (527ms)
				TypeCache.ScanAssembly (473ms)
			ScanForSourceGeneratedMonoScriptInfo (2ms)
			ResolveRequiredComponents (2ms)
	FinalizeReload (3365ms)
		ReleaseScriptCaches (0ms)
		RebuildScriptCaches (0ms)
		SetupLoadedEditorAssemblies (2933ms)
			LogAssemblyErrors (0ms)
			InitializePlatformSupportModulesInManaged (1658ms)
			SetLoadedEditorAssemblies (13ms)
			RefreshPlugins (0ms)
			BeforeProcessingInitializeOnLoad (7ms)
			ProcessInitializeOnLoadAttributes (638ms)
			ProcessInitializeOnLoadMethodAttributes (614ms)
			AfterProcessingInitializeOnLoad (1ms)
			EditorAssembliesLoaded (1ms)
		ExecutionOrderSort2 (0ms)
		AwakeInstancesAfterBackupRestoration (0ms)
========================================================================
Worker process is ready to serve import requests
Begin MonoManager ReloadAssembly
Symbol file data-0000027E22FC7020 doesn't match image C:\Users\Usuario\Desktop\UNI\DSH\P2-DSH\JuegoZigZag\Library\ScriptAssemblies\Unity.Timeline.dll
Symbol file LoadedFromMemory is not a mono symbol file
Symbol file data-0000027FDFCDADC0 doesn't match image C:\Users\Usuario\Desktop\UNI\DSH\P2-DSH\JuegoZigZag\Library\ScriptAssemblies\Unity.TestTools.CodeCoverage.Editor.OpenCover.Mono.Reflection.dll
Symbol file LoadedFromMemory is not a mono symbol file
Symbol file data-0000027E22FC7020 doesn't match image C:\Users\Usuario\Desktop\UNI\DSH\P2-DSH\JuegoZigZag\Library\ScriptAssemblies\UnityEngine.UI.dll
Symbol file LoadedFromMemory is not a mono symbol file
Symbol file data-0000027E22FC7020 doesn't match image C:\Users\Usuario\Desktop\UNI\DSH\P2-DSH\JuegoZigZag\Library\ScriptAssemblies\Unity.EditorCoroutines.Editor.dll
Symbol file LoadedFromMemory is not a mono symbol file
Symbol file data-0000027E22FCB830 doesn't match image C:\Users\Usuario\Desktop\UNI\DSH\P2-DSH\JuegoZigZag\Library\ScriptAssemblies\Unity.VisualScripting.SettingsProvider.Editor.dll
Symbol file LoadedFromMemory is not a mono symbol file
Symbol file data-0000027E21B9CC50 doesn't match image C:\Users\Usuario\Desktop\UNI\DSH\P2-DSH\JuegoZigZag\Library\ScriptAssemblies\Unity.Performance.Profile-Analyzer.Editor.dll
Symbol file LoadedFromMemory is not a mono symbol file
Symbol file data-0000027E21BBDC60 doesn't match image C:\Users\Usuario\Desktop\UNI\DSH\P2-DSH\JuegoZigZag\Library\ScriptAssemblies\Unity.TestTools.CodeCoverage.Editor.dll
Symbol file LoadedFromMemory is not a mono symbol file
Symbol file data-0000027E21BC4670 doesn't match image C:\Users\Usuario\Desktop\UNI\DSH\P2-DSH\JuegoZigZag\Library\ScriptAssemblies\Unity.TestTools.CodeCoverage.Editor.OpenCover.Model.dll
Symbol file LoadedFromMemory is not a mono symbol file
Symbol file data-0000027E215E7020 doesn't match image C:\Users\Usuario\Desktop\UNI\DSH\P2-DSH\JuegoZigZag\Library\ScriptAssemblies\Unity.PlasticSCM.Editor.dll
Symbol file LoadedFromMemory is not a mono symbol file
Symbol file data-0000027E22FCB830 doesn't match image C:\Users\Usuario\Desktop\UNI\DSH\P2-DSH\JuegoZigZag\Library\ScriptAssemblies\UnityEngine.TestRunner.dll
Symbol file LoadedFromMemory is not a mono symbol file
Symbol file data-0000027FDF07C770 doesn't match image C:\Users\Usuario\Desktop\UNI\DSH\P2-DSH\JuegoZigZag\Library\ScriptAssemblies\Unity.VisualScripting.State.Editor.dll
Symbol file LoadedFromMemory is not a mono symbol file
Symbol file data-0000027E210E4020 doesn't match image C:\Users\Usuario\Desktop\UNI\DSH\P2-DSH\JuegoZigZag\Library\ScriptAssemblies\Unity.Timeline.Editor.dll
Symbol file LoadedFromMemory is not a mono symbol file
Symbol file data-0000027FDF4C8E20 doesn't match image C:\Users\Usuario\Desktop\UNI\DSH\P2-DSH\JuegoZigZag\Library\ScriptAssemblies\Unity.Settings.Editor.dll
Symbol file LoadedFromMemory is not a mono symbol file
Symbol file data-0000027E22FE3F60 doesn't match image C:\Users\Usuario\Desktop\UNI\DSH\P2-DSH\JuegoZigZag\Library\ScriptAssemblies\Unity.VisualScripting.Shared.Editor.dll
Symbol file LoadedFromMemory is not a mono symbol file
Symbol file data-0000027E22FE3F60 doesn't match image C:\Users\Usuario\Desktop\UNI\DSH\P2-DSH\JuegoZigZag\Library\ScriptAssemblies\Unity.CollabProxy.Editor.dll
Symbol file LoadedFromMemory is not a mono symbol file
Symbol file data-0000027E22FCB830 doesn't match image C:\Users\Usuario\Desktop\UNI\DSH\P2-DSH\JuegoZigZag\Library\ScriptAssemblies\Unity.VisualStudio.Editor.dll
Symbol file LoadedFromMemory is not a mono symbol file
Symbol file data-0000027FDF69B010 doesn't match image C:\Users\Usuario\Desktop\UNI\DSH\P2-DSH\JuegoZigZag\Library\ScriptAssemblies\Unity.TextMeshPro.dll
Symbol file LoadedFromMemory is not a mono symbol file
Symbol file data-0000027FDF69B010 doesn't match image C:\Users\Usuario\Desktop\UNI\DSH\P2-DSH\JuegoZigZag\Library\ScriptAssemblies\Unity.VisualScripting.Core.dll
Symbol file LoadedFromMemory is not a mono symbol file
Symbol file data-0000027E21145430 doesn't match image C:\Users\Usuario\Desktop\UNI\DSH\P2-DSH\JuegoZigZag\Library\ScriptAssemblies\Unity.TextMeshPro.Editor.dll
Symbol file LoadedFromMemory is not a mono symbol file
Symbol file data-0000027E22FCB830 doesn't match image C:\Users\Usuario\Desktop\UNI\DSH\P2-DSH\JuegoZigZag\Library\ScriptAssemblies\UnityEditor.UI.dll
Symbol file LoadedFromMemory is not a mono symbol file
Symbol file data-0000027E21801020 doesn't match image C:\Users\Usuario\Desktop\UNI\DSH\P2-DSH\JuegoZigZag\Library\ScriptAssemblies\Unity.VisualScripting.Core.Editor.dll
Symbol file LoadedFromMemory is not a mono symbol file
Symbol file data-0000027FDF4C8E20 doesn't match image C:\Users\Usuario\Desktop\UNI\DSH\P2-DSH\JuegoZigZag\Library\ScriptAssemblies\Unity.Rider.Editor.dll
Symbol file LoadedFromMemory is not a mono symbol file
Symbol file data-0000027FDF4C8E20 doesn't match image C:\Users\Usuario\Desktop\UNI\DSH\P2-DSH\JuegoZigZag\Library\ScriptAssemblies\Unity.VisualScripting.State.dll
Symbol file LoadedFromMemory is not a mono symbol file
Symbol file data-0000027FDF4C8E20 doesn't match image C:\Users\Usuario\Desktop\UNI\DSH\P2-DSH\JuegoZigZag\Library\ScriptAssemblies\Unity.VSCode.Editor.dll
Symbol file LoadedFromMemory is not a mono symbol file
Symbol file data-0000027E21654860 doesn't match image C:\Users\Usuario\Desktop\UNI\DSH\P2-DSH\JuegoZigZag\Library\ScriptAssemblies\Unity.2D.Sprite.Editor.dll
Symbol file LoadedFromMemory is not a mono symbol file
Symbol file data-0000027FDF701030 doesn't match image C:\Users\Usuario\Desktop\UNI\DSH\P2-DSH\JuegoZigZag\Library\ScriptAssemblies\UnityEditor.TestRunner.dll
Symbol file LoadedFromMemory is not a mono symbol file
Symbol file data-0000027E21838630 doesn't match image C:\Users\Usuario\Desktop\UNI\DSH\P2-DSH\JuegoZigZag\Library\ScriptAssemblies\Unity.VisualScripting.Flow.dll
Symbol file LoadedFromMemory is not a mono symbol file
Symbol file data-0000027FDF701030 doesn't match image C:\Users\Usuario\Desktop\UNI\DSH\P2-DSH\JuegoZigZag\Library\ScriptAssemblies\Unity.VisualScripting.Flow.Editor.dll
Symbol file LoadedFromMemory is not a mono symbol file
- Loaded All Assemblies, in  2.668 seconds
Refreshing native plugins compatible for Editor in 15.48 ms, found 3 plugins.
Native extension for WindowsStandalone target not found
Native extension for Android target not found
Native extension for WebGL target not found
Package Manager log level set to [2]
[Package Manager] Server::EnsureServerProcessIsRunning -- launch failed, reason: Unity was launched with the -noUpm command-line argument
[Package Manager] UpmClient::Send -- Unable to send message (not connected to UPM process).
[Package Manager] Cannot connect to Unity Package Manager local server
Mono: successfully reloaded assembly
- Finished resetting the current domain, in  2.646 seconds
Domain Reload Profiling: 5314ms
	BeginReloadAssembly (521ms)
		ExecutionOrderSort (0ms)
		DisableScriptedObjects (18ms)
		BackupInstance (0ms)
		ReleaseScriptingObjects (0ms)
		CreateAndSetChildDomain (60ms)
	RebuildCommonClasses (105ms)
	RebuildNativeTypeToScriptingClass (29ms)
	initialDomainReloadingComplete (172ms)
	LoadAllAssembliesAndSetupDomain (1834ms)
		LoadAssemblies (1100ms)
		RebuildTransferFunctionScriptingTraits (0ms)
		AnalyzeDomain (1065ms)
			TypeCache.Refresh (928ms)
				TypeCache.ScanAssembly (846ms)
			ScanForSourceGeneratedMonoScriptInfo (109ms)
			ResolveRequiredComponents (25ms)
	FinalizeReload (2653ms)
		ReleaseScriptCaches (0ms)
		RebuildScriptCaches (0ms)
		SetupLoadedEditorAssemblies (1620ms)
			LogAssemblyErrors (0ms)
			InitializePlatformSupportModulesInManaged (110ms)
			SetLoadedEditorAssemblies (11ms)
			RefreshPlugins (0ms)
			BeforeProcessingInitializeOnLoad (188ms)
			ProcessInitializeOnLoadAttributes (1186ms)
			ProcessInitializeOnLoadMethodAttributes (99ms)
			AfterProcessingInitializeOnLoad (26ms)
			EditorAssembliesLoaded (1ms)
		ExecutionOrderSort2 (0ms)
		AwakeInstancesAfterBackupRestoration (90ms)
Launched and connected shader compiler UnityShaderCompiler.exe after 1.02 seconds
Refreshing native plugins compatible for Editor in 21.28 ms, found 3 plugins.
Preloading 0 native plugins for Editor in 0.00 ms.
Unloading 3142 Unused Serialized files (Serialized files now loaded: 0)
Unloading 35 unused Assets / (57.7 KB). Loaded Objects now: 3608.
Memory consumption went from 133.3 MB to 133.2 MB.
Total: 15.583800 ms (FindLiveObjects: 0.926300 ms CreateObjectMapping: 1.495900 ms MarkObjects: 12.738000 ms  DeleteObjects: 0.418600 ms)

AssetImportParameters requested are different than current active one (requested -> active):
  custom:container-demuxer-ogg: 62fdf1f143b41e24485cea50d1cbac27 -> 
  custom:video-codec-MediaFoundation-h265: 746d11721c4dcdbdad8f713fa42b33f4 -> 
  custom:video-decoder-ogg-theora: a1e56fd34408186e4bbccfd4996cb3dc -> 
  custom:framework-win-MediaFoundation: 216162199b28c13a410421893ffa2e32 -> 
  custom:CustomObjectIndexerAttribute: 6d391050e5a25f67b0a2c618074f2cd9 -> 
  custom:container-demuxer-webm: 4f35f7cbe854078d1ac9338744f61a02 -> 
  custom:container-muxer-webm: aa71ff27fc2769a1b78a27578f13a17b -> 
  custom:video-decoder-webm-vp8: 9c59270c3fd7afecdb556c50c9e8de78 -> 
  custom:SearchIndexIgnoredProperties: e643bd26f0fe6173181afceb89e7c659 -> 
  custom:AudioImporter_EditorPlatform: d09bf68614088b80899f8185d706f6e7 -> 
  custom:video-encoder-webm-vp8: eb34c28f22e8b96e1ab97ce403110664 -> 
  custom:audio-decoder-ogg-vorbis: bf7c407c2cedff20999df2af8eb42d56 -> 
  custom:audio-encoder-webm-vorbis: bf7c407c2cedff20999df2af8eb42d56 -> 
========================================================================
Received Prepare
Begin MonoManager ReloadAssembly
Symbol file data-0000027FDEF24010 doesn't match image C:\Users\Usuario\Desktop\UNI\DSH\P2-DSH\JuegoZigZag\Library\ScriptAssemblies\Unity.Timeline.dll
Symbol file LoadedFromMemory is not a mono symbol file
Symbol file data-0000027E22D27020 doesn't match image C:\Users\Usuario\Desktop\UNI\DSH\P2-DSH\JuegoZigZag\Library\ScriptAssemblies\Unity.TestTools.CodeCoverage.Editor.OpenCover.Mono.Reflection.dll
Symbol file LoadedFromMemory is not a mono symbol file
Symbol file data-0000027E2C949010 doesn't match image C:\Users\Usuario\Desktop\UNI\DSH\P2-DSH\JuegoZigZag\Library\ScriptAssemblies\UnityEngine.UI.dll
Symbol file LoadedFromMemory is not a mono symbol file
Symbol file data-0000027E22D27020 doesn't match image C:\Users\Usuario\Desktop\UNI\DSH\P2-DSH\JuegoZigZag\Library\ScriptAssemblies\Unity.EditorCoroutines.Editor.dll
Symbol file LoadedFromMemory is not a mono symbol file
Symbol file data-0000027FDF24CF30 doesn't match image C:\Users\Usuario\Desktop\UNI\DSH\P2-DSH\JuegoZigZag\Library\ScriptAssemblies\Unity.VisualScripting.SettingsProvider.Editor.dll
Symbol file LoadedFromMemory is not a mono symbol file
Symbol file data-0000027E21C1C010 doesn't match image C:\Users\Usuario\Desktop\UNI\DSH\P2-DSH\JuegoZigZag\Library\ScriptAssemblies\Unity.Performance.Profile-Analyzer.Editor.dll
Symbol file LoadedFromMemory is not a mono symbol file
Symbol file data-0000027FDF24CF30 doesn't match image C:\Users\Usuario\Desktop\UNI\DSH\P2-DSH\JuegoZigZag\Library\ScriptAssemblies\Unity.TestTools.CodeCoverage.Editor.dll
Symbol file LoadedFromMemory is not a mono symbol file
Symbol file data-0000027FDF253940 doesn't match image C:\Users\Usuario\Desktop\UNI\DSH\P2-DSH\JuegoZigZag\Library\ScriptAssemblies\Unity.TestTools.CodeCoverage.Editor.OpenCover.Model.dll
Symbol file LoadedFromMemory is not a mono symbol file
Symbol file data-0000027E2AD26020 doesn't match image C:\Users\Usuario\Desktop\UNI\DSH\P2-DSH\JuegoZigZag\Library\ScriptAssemblies\Unity.PlasticSCM.Editor.dll
Symbol file LoadedFromMemory is not a mono symbol file
Symbol file data-0000027E2AA8A090 doesn't match image C:\Users\Usuario\Desktop\UNI\DSH\P2-DSH\JuegoZigZag\Library\ScriptAssemblies\UnityEngine.TestRunner.dll
Symbol file LoadedFromMemory is not a mono symbol file
Symbol file data-0000027FDF4FD730 doesn't match image C:\Users\Usuario\Desktop\UNI\DSH\P2-DSH\JuegoZigZag\Library\ScriptAssemblies\Unity.VisualScripting.State.Editor.dll
Symbol file LoadedFromMemory is not a mono symbol file
Symbol file data-0000027E232CD020 doesn't match image C:\Users\Usuario\Desktop\UNI\DSH\P2-DSH\JuegoZigZag\Library\ScriptAssemblies\Unity.Timeline.Editor.dll
Symbol file LoadedFromMemory is not a mono symbol file
Symbol file data-0000027FDF253940 doesn't match image C:\Users\Usuario\Desktop\UNI\DSH\P2-DSH\JuegoZigZag\Library\ScriptAssemblies\Unity.Settings.Editor.dll
Symbol file LoadedFromMemory is not a mono symbol file
Symbol file data-0000027FDF507B40 doesn't match image C:\Users\Usuario\Desktop\UNI\DSH\P2-DSH\JuegoZigZag\Library\ScriptAssemblies\Unity.VisualScripting.Shared.Editor.dll
Symbol file LoadedFromMemory is not a mono symbol file
Symbol file data-0000027FDF507B40 doesn't match image C:\Users\Usuario\Desktop\UNI\DSH\P2-DSH\JuegoZigZag\Library\ScriptAssemblies\Unity.CollabProxy.Editor.dll
Symbol file LoadedFromMemory is not a mono symbol file
Symbol file data-0000027E22FC7020 doesn't match image C:\Users\Usuario\Desktop\UNI\DSH\P2-DSH\JuegoZigZag\Library\ScriptAssemblies\Unity.VisualStudio.Editor.dll
Symbol file LoadedFromMemory is not a mono symbol file
Symbol file data-0000027E2ADC0020 doesn't match image C:\Users\Usuario\Desktop\UNI\DSH\P2-DSH\JuegoZigZag\Library\ScriptAssemblies\Unity.TextMeshPro.dll
Symbol file LoadedFromMemory is not a mono symbol file
Symbol file data-0000027E2ADC0020 doesn't match image C:\Users\Usuario\Desktop\UNI\DSH\P2-DSH\JuegoZigZag\Library\ScriptAssemblies\Unity.VisualScripting.Core.dll
Symbol file LoadedFromMemory is not a mono symbol file
Symbol file data-0000027FDF5AE010 doesn't match image C:\Users\Usuario\Desktop\UNI\DSH\P2-DSH\JuegoZigZag\Library\ScriptAssemblies\Unity.TextMeshPro.Editor.dll
Symbol file LoadedFromMemory is not a mono symbol file
Symbol file data-0000027E22FC7020 doesn't match image C:\Users\Usuario\Desktop\UNI\DSH\P2-DSH\JuegoZigZag\Library\ScriptAssemblies\UnityEditor.UI.dll
Symbol file LoadedFromMemory is not a mono symbol file
Symbol file data-0000027E2B390020 doesn't match image C:\Users\Usuario\Desktop\UNI\DSH\P2-DSH\JuegoZigZag\Library\ScriptAssemblies\Unity.VisualScripting.Core.Editor.dll
Symbol file LoadedFromMemory is not a mono symbol file
Symbol file data-0000027E22FC7020 doesn't match image C:\Users\Usuario\Desktop\UNI\DSH\P2-DSH\JuegoZigZag\Library\ScriptAssemblies\Unity.Rider.Editor.dll
Symbol file LoadedFromMemory is not a mono symbol file
Symbol file data-0000027E22FCEE30 doesn't match image C:\Users\Usuario\Desktop\UNI\DSH\P2-DSH\JuegoZigZag\Library\ScriptAssemblies\Unity.VisualScripting.State.dll
Symbol file LoadedFromMemory is not a mono symbol file
Symbol file data-0000027E22FCEE30 doesn't match image C:\Users\Usuario\Desktop\UNI\DSH\P2-DSH\JuegoZigZag\Library\ScriptAssemblies\Unity.VSCode.Editor.dll
Symbol file LoadedFromMemory is not a mono symbol file
Symbol file data-0000027E21C1C010 doesn't match image C:\Users\Usuario\Desktop\UNI\DSH\P2-DSH\JuegoZigZag\Library\ScriptAssemblies\Unity.2D.Sprite.Editor.dll
Symbol file LoadedFromMemory is not a mono symbol file
Symbol file data-0000027E21C1C010 doesn't match image C:\Users\Usuario\Desktop\UNI\DSH\P2-DSH\JuegoZigZag\Library\ScriptAssemblies\UnityEditor.TestRunner.dll
Symbol file LoadedFromMemory is not a mono symbol file
Symbol file data-0000027E21531020 doesn't match image C:\Users\Usuario\Desktop\UNI\DSH\P2-DSH\JuegoZigZag\Library\ScriptAssemblies\Unity.VisualScripting.Flow.dll
Symbol file LoadedFromMemory is not a mono symbol file
Symbol file data-0000027E21C1C010 doesn't match image C:\Users\Usuario\Desktop\UNI\DSH\P2-DSH\JuegoZigZag\Library\ScriptAssemblies\Unity.VisualScripting.Flow.Editor.dll
Symbol file LoadedFromMemory is not a mono symbol file
- Loaded All Assemblies, in  1.702 seconds
Refreshing native plugins compatible for Editor in 8.77 ms, found 3 plugins.
Native extension for WindowsStandalone target not found
Native extension for Android target not found
Native extension for WebGL target not found
[Package Manager] Server::EnsureServerProcessIsRunning -- launch failed, reason: Unity was launched with the -noUpm command-line argument
[Package Manager] UpmClient::Send -- Unable to send message (not connected to UPM process).
[Package Manager] Cannot connect to Unity Package Manager local server
Mono: successfully reloaded assembly
- Finished resetting the current domain, in  3.279 seconds
Domain Reload Profiling: 4972ms
	BeginReloadAssembly (576ms)
		ExecutionOrderSort (0ms)
		DisableScriptedObjects (31ms)
		BackupInstance (0ms)
		ReleaseScriptingObjects (0ms)
		CreateAndSetChildDomain (146ms)
	RebuildCommonClasses (97ms)
	RebuildNativeTypeToScriptingClass (23ms)
	initialDomainReloadingComplete (88ms)
	LoadAllAssembliesAndSetupDomain (907ms)
		LoadAssemblies (1181ms)
		RebuildTransferFunctionScriptingTraits (0ms)
		AnalyzeDomain (37ms)
			TypeCache.Refresh (16ms)
				TypeCache.ScanAssembly (0ms)
			ScanForSourceGeneratedMonoScriptInfo (0ms)
			ResolveRequiredComponents (16ms)
	FinalizeReload (3281ms)
		ReleaseScriptCaches (0ms)
		RebuildScriptCaches (0ms)
		SetupLoadedEditorAssemblies (1361ms)
			LogAssemblyErrors (0ms)
			InitializePlatformSupportModulesInManaged (112ms)
			SetLoadedEditorAssemblies (16ms)
			RefreshPlugins (0ms)
			BeforeProcessingInitializeOnLoad (205ms)
			ProcessInitializeOnLoadAttributes (938ms)
			ProcessInitializeOnLoadMethodAttributes (71ms)
			AfterProcessingInitializeOnLoad (19ms)
			EditorAssembliesLoaded (1ms)
		ExecutionOrderSort2 (0ms)
		AwakeInstancesAfterBackupRestoration (27ms)
Refreshing native plugins compatible for Editor in 10.84 ms, found 3 plugins.
Preloading 0 native plugins for Editor in 0.00 ms.
Unloading 3121 Unused Serialized files (Serialized files now loaded: 0)
Unloading 26 unused Assets / (31.1 KB). Loaded Objects now: 3611.
Memory consumption went from 130.1 MB to 130.0 MB.
Total: 9.422100 ms (FindLiveObjects: 0.879200 ms CreateObjectMapping: 0.852500 ms MarkObjects: 7.507700 ms  DeleteObjects: 0.179400 ms)

Prepare: number of updated asset objects reloaded= 0
AssetImportParameters requested are different than current active one (requested -> active):
  custom:container-demuxer-ogg: 62fdf1f143b41e24485cea50d1cbac27 -> 
  custom:video-codec-MediaFoundation-h265: 746d11721c4dcdbdad8f713fa42b33f4 -> 
  custom:video-decoder-ogg-theora: a1e56fd34408186e4bbccfd4996cb3dc -> 
  custom:framework-win-MediaFoundation: 216162199b28c13a410421893ffa2e32 -> 
  custom:CustomObjectIndexerAttribute: 6d391050e5a25f67b0a2c618074f2cd9 -> 
  custom:container-demuxer-webm: 4f35f7cbe854078d1ac9338744f61a02 -> 
  custom:container-muxer-webm: aa71ff27fc2769a1b78a27578f13a17b -> 
  custom:video-decoder-webm-vp8: 9c59270c3fd7afecdb556c50c9e8de78 -> 
  custom:SearchIndexIgnoredProperties: e643bd26f0fe6173181afceb89e7c659 -> 
  custom:AudioImporter_EditorPlatform: d09bf68614088b80899f8185d706f6e7 -> 
  custom:video-encoder-webm-vp8: eb34c28f22e8b96e1ab97ce403110664 -> 
  custom:audio-decoder-ogg-vorbis: bf7c407c2cedff20999df2af8eb42d56 -> 
  custom:audio-encoder-webm-vorbis: bf7c407c2cedff20999df2af8eb42d56 -> 
========================================================================
Received Prepare
Begin MonoManager ReloadAssembly
Symbol file data-0000027E21148020 doesn't match image C:\Users\Usuario\Desktop\UNI\DSH\P2-DSH\JuegoZigZag\Library\ScriptAssemblies\Unity.Timeline.dll
Symbol file LoadedFromMemory is not a mono symbol file
Symbol file data-0000027E22784F70 doesn't match image C:\Users\Usuario\Desktop\UNI\DSH\P2-DSH\JuegoZigZag\Library\ScriptAssemblies\Unity.TestTools.CodeCoverage.Editor.OpenCover.Mono.Reflection.dll
Symbol file LoadedFromMemory is not a mono symbol file
Symbol file data-0000027E23117020 doesn't match image C:\Users\Usuario\Desktop\UNI\DSH\P2-DSH\JuegoZigZag\Library\ScriptAssemblies\UnityEngine.UI.dll
Symbol file LoadedFromMemory is not a mono symbol file
Symbol file data-0000027E22A30030 doesn't match image C:\Users\Usuario\Desktop\UNI\DSH\P2-DSH\JuegoZigZag\Library\ScriptAssemblies\Unity.EditorCoroutines.Editor.dll
Symbol file LoadedFromMemory is not a mono symbol file
Symbol file data-0000027E22784F70 doesn't match image C:\Users\Usuario\Desktop\UNI\DSH\P2-DSH\JuegoZigZag\Library\ScriptAssemblies\Unity.VisualScripting.SettingsProvider.Editor.dll
Symbol file LoadedFromMemory is not a mono symbol file
Symbol file data-0000027E21D78020 doesn't match image C:\Users\Usuario\Desktop\UNI\DSH\P2-DSH\JuegoZigZag\Library\ScriptAssemblies\Unity.Performance.Profile-Analyzer.Editor.dll
Symbol file LoadedFromMemory is not a mono symbol file
Symbol file data-0000027FDF4FD730 doesn't match image C:\Users\Usuario\Desktop\UNI\DSH\P2-DSH\JuegoZigZag\Library\ScriptAssemblies\Unity.TestTools.CodeCoverage.Editor.dll
Symbol file LoadedFromMemory is not a mono symbol file
Symbol file data-0000027FDE2B5010 doesn't match image C:\Users\Usuario\Desktop\UNI\DSH\P2-DSH\JuegoZigZag\Library\ScriptAssemblies\Unity.TestTools.CodeCoverage.Editor.OpenCover.Model.dll
Symbol file LoadedFromMemory is not a mono symbol file
Symbol file data-0000027E216AD010 doesn't match image C:\Users\Usuario\Desktop\UNI\DSH\P2-DSH\JuegoZigZag\Library\ScriptAssemblies\Unity.PlasticSCM.Editor.dll
Symbol file LoadedFromMemory is not a mono symbol file
Symbol file data-0000027E2AA8A090 doesn't match image C:\Users\Usuario\Desktop\UNI\DSH\P2-DSH\JuegoZigZag\Library\ScriptAssemblies\UnityEngine.TestRunner.dll
Symbol file LoadedFromMemory is not a mono symbol file
Symbol file data-0000027E2C799ED0 doesn't match image C:\Users\Usuario\Desktop\UNI\DSH\P2-DSH\JuegoZigZag\Library\ScriptAssemblies\Unity.VisualScripting.State.Editor.dll
Symbol file LoadedFromMemory is not a mono symbol file
Symbol file data-0000027E2D002010 doesn't match image C:\Users\Usuario\Desktop\UNI\DSH\P2-DSH\JuegoZigZag\Library\ScriptAssemblies\Unity.Timeline.Editor.dll
Symbol file LoadedFromMemory is not a mono symbol file
Symbol file data-0000027FDE2B5010 doesn't match image C:\Users\Usuario\Desktop\UNI\DSH\P2-DSH\JuegoZigZag\Library\ScriptAssemblies\Unity.Settings.Editor.dll
Symbol file LoadedFromMemory is not a mono symbol file
Symbol file data-0000027FDE2B5010 doesn't match image C:\Users\Usuario\Desktop\UNI\DSH\P2-DSH\JuegoZigZag\Library\ScriptAssemblies\Unity.VisualScripting.Shared.Editor.dll
Symbol file LoadedFromMemory is not a mono symbol file
Symbol file data-0000027FDE2B5010 doesn't match image C:\Users\Usuario\Desktop\UNI\DSH\P2-DSH\JuegoZigZag\Library\ScriptAssemblies\Unity.CollabProxy.Editor.dll
Symbol file LoadedFromMemory is not a mono symbol file
Symbol file data-0000027FDF4FD730 doesn't match image C:\Users\Usuario\Desktop\UNI\DSH\P2-DSH\JuegoZigZag\Library\ScriptAssemblies\Unity.VisualStudio.Editor.dll
Symbol file LoadedFromMemory is not a mono symbol file
Symbol file data-0000027E21A10010 doesn't match image C:\Users\Usuario\Desktop\UNI\DSH\P2-DSH\JuegoZigZag\Library\ScriptAssemblies\Unity.TextMeshPro.dll
Symbol file LoadedFromMemory is not a mono symbol file
Symbol file data-0000027E2B33C030 doesn't match image C:\Users\Usuario\Desktop\UNI\DSH\P2-DSH\JuegoZigZag\Library\ScriptAssemblies\Unity.VisualScripting.Core.dll
Symbol file LoadedFromMemory is not a mono symbol file
Symbol file data-0000027FDFC4B0A0 doesn't match image C:\Users\Usuario\Desktop\UNI\DSH\P2-DSH\JuegoZigZag\Library\ScriptAssemblies\Unity.TextMeshPro.Editor.dll
Symbol file LoadedFromMemory is not a mono symbol file
Symbol file data-0000027E2C799ED0 doesn't match image C:\Users\Usuario\Desktop\UNI\DSH\P2-DSH\JuegoZigZag\Library\ScriptAssemblies\UnityEditor.UI.dll
Symbol file LoadedFromMemory is not a mono symbol file
Symbol file data-0000027E2C7B0990 doesn't match image C:\Users\Usuario\Desktop\UNI\DSH\P2-DSH\JuegoZigZag\Library\ScriptAssemblies\Unity.VisualScripting.Core.Editor.dll
Symbol file LoadedFromMemory is not a mono symbol file
Symbol file data-0000027E2C799ED0 doesn't match image C:\Users\Usuario\Desktop\UNI\DSH\P2-DSH\JuegoZigZag\Library\ScriptAssemblies\Unity.Rider.Editor.dll
Symbol file LoadedFromMemory is not a mono symbol file
Symbol file data-0000027E2C892010 doesn't match image C:\Users\Usuario\Desktop\UNI\DSH\P2-DSH\JuegoZigZag\Library\ScriptAssemblies\Unity.VisualScripting.State.dll
Symbol file LoadedFromMemory is not a mono symbol file
Symbol file data-0000027E2C892010 doesn't match image C:\Users\Usuario\Desktop\UNI\DSH\P2-DSH\JuegoZigZag\Library\ScriptAssemblies\Unity.VSCode.Editor.dll
Symbol file LoadedFromMemory is not a mono symbol file
Symbol file data-0000027E22A39C80 doesn't match image C:\Users\Usuario\Desktop\UNI\DSH\P2-DSH\JuegoZigZag\Library\ScriptAssemblies\Unity.2D.Sprite.Editor.dll
Symbol file LoadedFromMemory is not a mono symbol file
Symbol file data-0000027FDF5AE010 doesn't match image C:\Users\Usuario\Desktop\UNI\DSH\P2-DSH\JuegoZigZag\Library\ScriptAssemblies\UnityEditor.TestRunner.dll
Symbol file LoadedFromMemory is not a mono symbol file
Symbol file data-0000027E2CCF6330 doesn't match image C:\Users\Usuario\Desktop\UNI\DSH\P2-DSH\JuegoZigZag\Library\ScriptAssemblies\Unity.VisualScripting.Flow.dll
Symbol file LoadedFromMemory is not a mono symbol file
Symbol file data-0000027E21D78020 doesn't match image C:\Users\Usuario\Desktop\UNI\DSH\P2-DSH\JuegoZigZag\Library\ScriptAssemblies\Unity.VisualScripting.Flow.Editor.dll
Symbol file LoadedFromMemory is not a mono symbol file
- Loaded All Assemblies, in  1.477 seconds
Refreshing native plugins compatible for Editor in 12.39 ms, found 3 plugins.
Native extension for WindowsStandalone target not found
Native extension for Android target not found
Native extension for WebGL target not found
[Package Manager] Server::EnsureServerProcessIsRunning -- launch failed, reason: Unity was launched with the -noUpm command-line argument
[Package Manager] UpmClient::Send -- Unable to send message (not connected to UPM process).
[Package Manager] Cannot connect to Unity Package Manager local server
Mono: successfully reloaded assembly
- Finished resetting the current domain, in  2.763 seconds
Domain Reload Profiling: 4231ms
	BeginReloadAssembly (462ms)
		ExecutionOrderSort (0ms)
		DisableScriptedObjects (17ms)
		BackupInstance (0ms)
		ReleaseScriptingObjects (0ms)
		CreateAndSetChildDomain (103ms)
	RebuildCommonClasses (102ms)
	RebuildNativeTypeToScriptingClass (31ms)
	initialDomainReloadingComplete (105ms)
	LoadAllAssembliesAndSetupDomain (766ms)
		LoadAssemblies (1002ms)
		RebuildTransferFunctionScriptingTraits (0ms)
		AnalyzeDomain (36ms)
			TypeCache.Refresh (16ms)
				TypeCache.ScanAssembly (0ms)
			ScanForSourceGeneratedMonoScriptInfo (0ms)
			ResolveRequiredComponents (15ms)
	FinalizeReload (2765ms)
		ReleaseScriptCaches (0ms)
		RebuildScriptCaches (0ms)
		SetupLoadedEditorAssemblies (1149ms)
			LogAssemblyErrors (0ms)
			InitializePlatformSupportModulesInManaged (134ms)
			SetLoadedEditorAssemblies (13ms)
			RefreshPlugins (0ms)
			BeforeProcessingInitializeOnLoad (210ms)
			ProcessInitializeOnLoadAttributes (724ms)
			ProcessInitializeOnLoadMethodAttributes (52ms)
			AfterProcessingInitializeOnLoad (16ms)
			EditorAssembliesLoaded (0ms)
		ExecutionOrderSort2 (0ms)
		AwakeInstancesAfterBackupRestoration (20ms)
Refreshing native plugins compatible for Editor in 15.17 ms, found 3 plugins.
Preloading 0 native plugins for Editor in 0.00 ms.
Unloading 3121 Unused Serialized files (Serialized files now loaded: 0)
Unloading 26 unused Assets / (31.1 KB). Loaded Objects now: 3614.
Memory consumption went from 132.0 MB to 132.0 MB.
Total: 10.539500 ms (FindLiveObjects: 0.784800 ms CreateObjectMapping: 0.755100 ms MarkObjects: 8.809200 ms  DeleteObjects: 0.187100 ms)

Prepare: number of updated asset objects reloaded= 0
AssetImportParameters requested are different than current active one (requested -> active):
  custom:container-demuxer-ogg: 62fdf1f143b41e24485cea50d1cbac27 -> 
  custom:video-codec-MediaFoundation-h265: 746d11721c4dcdbdad8f713fa42b33f4 -> 
  custom:video-decoder-ogg-theora: a1e56fd34408186e4bbccfd4996cb3dc -> 
  custom:framework-win-MediaFoundation: 216162199b28c13a410421893ffa2e32 -> 
  custom:CustomObjectIndexerAttribute: 6d391050e5a25f67b0a2c618074f2cd9 -> 
  custom:container-demuxer-webm: 4f35f7cbe854078d1ac9338744f61a02 -> 
  custom:container-muxer-webm: aa71ff27fc2769a1b78a27578f13a17b -> 
  custom:video-decoder-webm-vp8: 9c59270c3fd7afecdb556c50c9e8de78 -> 
  custom:SearchIndexIgnoredProperties: e643bd26f0fe6173181afceb89e7c659 -> 
  custom:AudioImporter_EditorPlatform: d09bf68614088b80899f8185d706f6e7 -> 
  custom:video-encoder-webm-vp8: eb34c28f22e8b96e1ab97ce403110664 -> 
  custom:audio-decoder-ogg-vorbis: bf7c407c2cedff20999df2af8eb42d56 -> 
  custom:audio-encoder-webm-vorbis: bf7c407c2cedff20999df2af8eb42d56 -> 
========================================================================
Received Prepare
Begin MonoManager ReloadAssembly
Symbol file data-0000027E2A95A040 doesn't match image C:\Users\Usuario\Desktop\UNI\DSH\P2-DSH\JuegoZigZag\Library\ScriptAssemblies\Unity.Timeline.dll
Symbol file LoadedFromMemory is not a mono symbol file
Symbol file data-0000027E23218E40 doesn't match image C:\Users\Usuario\Desktop\UNI\DSH\P2-DSH\JuegoZigZag\Library\ScriptAssemblies\Unity.TestTools.CodeCoverage.Editor.OpenCover.Mono.Reflection.dll
Symbol file LoadedFromMemory is not a mono symbol file
Symbol file data-0000027E21551040 doesn't match image C:\Users\Usuario\Desktop\UNI\DSH\P2-DSH\JuegoZigZag\Library\ScriptAssemblies\UnityEngine.UI.dll
Symbol file LoadedFromMemory is not a mono symbol file
Symbol file data-0000027E23218E40 doesn't match image C:\Users\Usuario\Desktop\UNI\DSH\P2-DSH\JuegoZigZag\Library\ScriptAssemblies\Unity.EditorCoroutines.Editor.dll
Symbol file LoadedFromMemory is not a mono symbol file
Symbol file data-0000027E2A6D8010 doesn't match image C:\Users\Usuario\Desktop\UNI\DSH\P2-DSH\JuegoZigZag\Library\ScriptAssemblies\Unity.VisualScripting.SettingsProvider.Editor.dll
Symbol file LoadedFromMemory is not a mono symbol file
Symbol file data-0000027E21349020 doesn't match image C:\Users\Usuario\Desktop\UNI\DSH\P2-DSH\JuegoZigZag\Library\ScriptAssemblies\Unity.Performance.Profile-Analyzer.Editor.dll
Symbol file LoadedFromMemory is not a mono symbol file
Symbol file data-0000027E23227030 doesn't match image C:\Users\Usuario\Desktop\UNI\DSH\P2-DSH\JuegoZigZag\Library\ScriptAssemblies\Unity.TestTools.CodeCoverage.Editor.dll
Symbol file LoadedFromMemory is not a mono symbol file
Symbol file data-0000027E22784F70 doesn't match image C:\Users\Usuario\Desktop\UNI\DSH\P2-DSH\JuegoZigZag\Library\ScriptAssemblies\Unity.TestTools.CodeCoverage.Editor.OpenCover.Model.dll
Symbol file LoadedFromMemory is not a mono symbol file
Symbol file data-0000027E216AD010 doesn't match image C:\Users\Usuario\Desktop\UNI\DSH\P2-DSH\JuegoZigZag\Library\ScriptAssemblies\Unity.PlasticSCM.Editor.dll
Symbol file LoadedFromMemory is not a mono symbol file
Symbol file data-0000027E2AA8A090 doesn't match image C:\Users\Usuario\Desktop\UNI\DSH\P2-DSH\JuegoZigZag\Library\ScriptAssemblies\UnityEngine.TestRunner.dll
Symbol file LoadedFromMemory is not a mono symbol file
Symbol file data-0000027E2C799ED0 doesn't match image C:\Users\Usuario\Desktop\UNI\DSH\P2-DSH\JuegoZigZag\Library\ScriptAssemblies\Unity.VisualScripting.State.Editor.dll
Symbol file LoadedFromMemory is not a mono symbol file
Symbol file data-0000027E2CB83010 doesn't match image C:\Users\Usuario\Desktop\UNI\DSH\P2-DSH\JuegoZigZag\Library\ScriptAssemblies\Unity.Timeline.Editor.dll
Symbol file LoadedFromMemory is not a mono symbol file
Symbol file data-0000027E22784F70 doesn't match image C:\Users\Usuario\Desktop\UNI\DSH\P2-DSH\JuegoZigZag\Library\ScriptAssemblies\Unity.Settings.Editor.dll
Symbol file LoadedFromMemory is not a mono symbol file
Symbol file data-0000027E22784F70 doesn't match image C:\Users\Usuario\Desktop\UNI\DSH\P2-DSH\JuegoZigZag\Library\ScriptAssemblies\Unity.VisualScripting.Shared.Editor.dll
Symbol file LoadedFromMemory is not a mono symbol file
Symbol file data-0000027E22784F70 doesn't match image C:\Users\Usuario\Desktop\UNI\DSH\P2-DSH\JuegoZigZag\Library\ScriptAssemblies\Unity.CollabProxy.Editor.dll
Symbol file LoadedFromMemory is not a mono symbol file
Symbol file data-0000027E23227030 doesn't match image C:\Users\Usuario\Desktop\UNI\DSH\P2-DSH\JuegoZigZag\Library\ScriptAssemblies\Unity.VisualStudio.Editor.dll
Symbol file LoadedFromMemory is not a mono symbol file
Symbol file data-0000027E21A10010 doesn't match image C:\Users\Usuario\Desktop\UNI\DSH\P2-DSH\JuegoZigZag\Library\ScriptAssemblies\Unity.TextMeshPro.dll
Symbol file LoadedFromMemory is not a mono symbol file
Symbol file data-0000027FDEEC8020 doesn't match image C:\Users\Usuario\Desktop\UNI\DSH\P2-DSH\JuegoZigZag\Library\ScriptAssemblies\Unity.VisualScripting.Core.dll
Symbol file LoadedFromMemory is not a mono symbol file
Symbol file data-0000027E2ACAE020 doesn't match image C:\Users\Usuario\Desktop\UNI\DSH\P2-DSH\JuegoZigZag\Library\ScriptAssemblies\Unity.TextMeshPro.Editor.dll
Symbol file LoadedFromMemory is not a mono symbol file
Symbol file data-0000027E2D192010 doesn't match image C:\Users\Usuario\Desktop\UNI\DSH\P2-DSH\JuegoZigZag\Library\ScriptAssemblies\UnityEditor.UI.dll
Symbol file LoadedFromMemory is not a mono symbol file
Symbol file data-0000027E2C7B0990 doesn't match image C:\Users\Usuario\Desktop\UNI\DSH\P2-DSH\JuegoZigZag\Library\ScriptAssemblies\Unity.VisualScripting.Core.Editor.dll
Symbol file LoadedFromMemory is not a mono symbol file
Symbol file data-0000027E2D192010 doesn't match image C:\Users\Usuario\Desktop\UNI\DSH\P2-DSH\JuegoZigZag\Library\ScriptAssemblies\Unity.Rider.Editor.dll
Symbol file LoadedFromMemory is not a mono symbol file
Symbol file data-0000027E22A2D020 doesn't match image C:\Users\Usuario\Desktop\UNI\DSH\P2-DSH\JuegoZigZag\Library\ScriptAssemblies\Unity.VisualScripting.State.dll
Symbol file LoadedFromMemory is not a mono symbol file
Symbol file data-0000027E22A2D020 doesn't match image C:\Users\Usuario\Desktop\UNI\DSH\P2-DSH\JuegoZigZag\Library\ScriptAssemblies\Unity.VSCode.Editor.dll
Symbol file LoadedFromMemory is not a mono symbol file
Symbol file data-0000027E2ACAE020 doesn't match image C:\Users\Usuario\Desktop\UNI\DSH\P2-DSH\JuegoZigZag\Library\ScriptAssemblies\Unity.2D.Sprite.Editor.dll
Symbol file LoadedFromMemory is not a mono symbol file
Symbol file data-0000027FDF5AE010 doesn't match image C:\Users\Usuario\Desktop\UNI\DSH\P2-DSH\JuegoZigZag\Library\ScriptAssemblies\UnityEditor.TestRunner.dll
Symbol file LoadedFromMemory is not a mono symbol file
Symbol file data-0000027E21987020 doesn't match image C:\Users\Usuario\Desktop\UNI\DSH\P2-DSH\JuegoZigZag\Library\ScriptAssemblies\Unity.VisualScripting.Flow.dll
Symbol file LoadedFromMemory is not a mono symbol file
Symbol file data-0000027E21349020 doesn't match image C:\Users\Usuario\Desktop\UNI\DSH\P2-DSH\JuegoZigZag\Library\ScriptAssemblies\Unity.VisualScripting.Flow.Editor.dll
Symbol file LoadedFromMemory is not a mono symbol file
- Loaded All Assemblies, in  1.354 seconds
Refreshing native plugins compatible for Editor in 14.01 ms, found 3 plugins.
Native extension for WindowsStandalone target not found
Native extension for Android target not found
Native extension for WebGL target not found
[Package Manager] Server::EnsureServerProcessIsRunning -- launch failed, reason: Unity was launched with the -noUpm command-line argument
[Package Manager] UpmClient::Send -- Unable to send message (not connected to UPM process).
[Package Manager] Cannot connect to Unity Package Manager local server
Mono: successfully reloaded assembly
- Finished resetting the current domain, in  3.031 seconds
Domain Reload Profiling: 4377ms
	BeginReloadAssembly (465ms)
		ExecutionOrderSort (0ms)
		DisableScriptedObjects (17ms)
		BackupInstance (0ms)
		ReleaseScriptingObjects (0ms)
		CreateAndSetChildDomain (97ms)
	RebuildCommonClasses (103ms)
	RebuildNativeTypeToScriptingClass (30ms)
	initialDomainReloadingComplete (92ms)
	LoadAllAssembliesAndSetupDomain (654ms)
		LoadAssemblies (896ms)
		RebuildTransferFunctionScriptingTraits (0ms)
		AnalyzeDomain (33ms)
			TypeCache.Refresh (15ms)
				TypeCache.ScanAssembly (0ms)
			ScanForSourceGeneratedMonoScriptInfo (0ms)
			ResolveRequiredComponents (14ms)
	FinalizeReload (3032ms)
		ReleaseScriptCaches (0ms)
		RebuildScriptCaches (0ms)
		SetupLoadedEditorAssemblies (1199ms)
			LogAssemblyErrors (0ms)
			InitializePlatformSupportModulesInManaged (65ms)
			SetLoadedEditorAssemblies (9ms)
			RefreshPlugins (0ms)
			BeforeProcessingInitializeOnLoad (173ms)
			ProcessInitializeOnLoadAttributes (864ms)
			ProcessInitializeOnLoadMethodAttributes (66ms)
			AfterProcessingInitializeOnLoad (20ms)
			EditorAssembliesLoaded (1ms)
		ExecutionOrderSort2 (0ms)
		AwakeInstancesAfterBackupRestoration (22ms)
Refreshing native plugins compatible for Editor in 9.32 ms, found 3 plugins.
Preloading 0 native plugins for Editor in 0.00 ms.
Unloading 3121 Unused Serialized files (Serialized files now loaded: 0)
Unloading 26 unused Assets / (31.1 KB). Loaded Objects now: 3617.
Memory consumption went from 134.0 MB to 133.9 MB.
Total: 7.477900 ms (FindLiveObjects: 0.818300 ms CreateObjectMapping: 0.381500 ms MarkObjects: 6.090700 ms  DeleteObjects: 0.184400 ms)

Prepare: number of updated asset objects reloaded= 0
AssetImportParameters requested are different than current active one (requested -> active):
  custom:container-demuxer-ogg: 62fdf1f143b41e24485cea50d1cbac27 -> 
  custom:video-codec-MediaFoundation-h265: 746d11721c4dcdbdad8f713fa42b33f4 -> 
  custom:video-decoder-ogg-theora: a1e56fd34408186e4bbccfd4996cb3dc -> 
  custom:framework-win-MediaFoundation: 216162199b28c13a410421893ffa2e32 -> 
  custom:CustomObjectIndexerAttribute: 6d391050e5a25f67b0a2c618074f2cd9 -> 
  custom:container-demuxer-webm: 4f35f7cbe854078d1ac9338744f61a02 -> 
  custom:container-muxer-webm: aa71ff27fc2769a1b78a27578f13a17b -> 
  custom:video-decoder-webm-vp8: 9c59270c3fd7afecdb556c50c9e8de78 -> 
  custom:SearchIndexIgnoredProperties: e643bd26f0fe6173181afceb89e7c659 -> 
  custom:AudioImporter_EditorPlatform: d09bf68614088b80899f8185d706f6e7 -> 
  custom:video-encoder-webm-vp8: eb34c28f22e8b96e1ab97ce403110664 -> 
  custom:audio-decoder-ogg-vorbis: bf7c407c2cedff20999df2af8eb42d56 -> 
  custom:audio-encoder-webm-vorbis: bf7c407c2cedff20999df2af8eb42d56 -> 
========================================================================
Received Prepare
Begin MonoManager ReloadAssembly
Symbol file data-0000027E2A95A040 doesn't match image C:\Users\Usuario\Desktop\UNI\DSH\P2-DSH\JuegoZigZag\Library\ScriptAssemblies\Unity.Timeline.dll
Symbol file LoadedFromMemory is not a mono symbol file
Symbol file data-0000027FDE1BF030 doesn't match image C:\Users\Usuario\Desktop\UNI\DSH\P2-DSH\JuegoZigZag\Library\ScriptAssemblies\Unity.TestTools.CodeCoverage.Editor.OpenCover.Mono.Reflection.dll
Symbol file LoadedFromMemory is not a mono symbol file
Symbol file data-0000027E21551040 doesn't match image C:\Users\Usuario\Desktop\UNI\DSH\P2-DSH\JuegoZigZag\Library\ScriptAssemblies\UnityEngine.UI.dll
Symbol file LoadedFromMemory is not a mono symbol file
Symbol file data-0000027FDE1BF030 doesn't match image C:\Users\Usuario\Desktop\UNI\DSH\P2-DSH\JuegoZigZag\Library\ScriptAssemblies\Unity.EditorCoroutines.Editor.dll
Symbol file LoadedFromMemory is not a mono symbol file
Symbol file data-0000027E23219840 doesn't match image C:\Users\Usuario\Desktop\UNI\DSH\P2-DSH\JuegoZigZag\Library\ScriptAssemblies\Unity.VisualScripting.SettingsProvider.Editor.dll
Symbol file LoadedFromMemory is not a mono symbol file
Symbol file data-0000027E2C73C010 doesn't match image C:\Users\Usuario\Desktop\UNI\DSH\P2-DSH\JuegoZigZag\Library\ScriptAssemblies\Unity.Performance.Profile-Analyzer.Editor.dll
Symbol file LoadedFromMemory is not a mono symbol file
Symbol file data-0000027E2B2E2010 doesn't match image C:\Users\Usuario\Desktop\UNI\DSH\P2-DSH\JuegoZigZag\Library\ScriptAssemblies\Unity.TestTools.CodeCoverage.Editor.dll
Symbol file LoadedFromMemory is not a mono symbol file
Symbol file data-0000027E2322F040 doesn't match image C:\Users\Usuario\Desktop\UNI\DSH\P2-DSH\JuegoZigZag\Library\ScriptAssemblies\Unity.TestTools.CodeCoverage.Editor.OpenCover.Model.dll
Symbol file LoadedFromMemory is not a mono symbol file
Symbol file data-0000027E2CCF6330 doesn't match image C:\Users\Usuario\Desktop\UNI\DSH\P2-DSH\JuegoZigZag\Library\ScriptAssemblies\Unity.PlasticSCM.Editor.dll
Symbol file LoadedFromMemory is not a mono symbol file
Symbol file data-0000027E2AA8A090 doesn't match image C:\Users\Usuario\Desktop\UNI\DSH\P2-DSH\JuegoZigZag\Library\ScriptAssemblies\UnityEngine.TestRunner.dll
Symbol file LoadedFromMemory is not a mono symbol file
Symbol file data-0000027E2C799ED0 doesn't match image C:\Users\Usuario\Desktop\UNI\DSH\P2-DSH\JuegoZigZag\Library\ScriptAssemblies\Unity.VisualScripting.State.Editor.dll
Symbol file LoadedFromMemory is not a mono symbol file
Symbol file data-0000027E2CB83010 doesn't match image C:\Users\Usuario\Desktop\UNI\DSH\P2-DSH\JuegoZigZag\Library\ScriptAssemblies\Unity.Timeline.Editor.dll
Symbol file LoadedFromMemory is not a mono symbol file
Symbol file data-0000027E2322F040 doesn't match image C:\Users\Usuario\Desktop\UNI\DSH\P2-DSH\JuegoZigZag\Library\ScriptAssemblies\Unity.Settings.Editor.dll
Symbol file LoadedFromMemory is not a mono symbol file
Symbol file data-0000027E23219840 doesn't match image C:\Users\Usuario\Desktop\UNI\DSH\P2-DSH\JuegoZigZag\Library\ScriptAssemblies\Unity.VisualScripting.Shared.Editor.dll
Symbol file LoadedFromMemory is not a mono symbol file
Symbol file data-0000027E23219840 doesn't match image C:\Users\Usuario\Desktop\UNI\DSH\P2-DSH\JuegoZigZag\Library\ScriptAssemblies\Unity.CollabProxy.Editor.dll
Symbol file LoadedFromMemory is not a mono symbol file
Symbol file data-0000027E2B2E2010 doesn't match image C:\Users\Usuario\Desktop\UNI\DSH\P2-DSH\JuegoZigZag\Library\ScriptAssemblies\Unity.VisualStudio.Editor.dll
Symbol file LoadedFromMemory is not a mono symbol file
Symbol file data-0000027E21349020 doesn't match image C:\Users\Usuario\Desktop\UNI\DSH\P2-DSH\JuegoZigZag\Library\ScriptAssemblies\Unity.TextMeshPro.dll
Symbol file LoadedFromMemory is not a mono symbol file
Symbol file data-0000027E21933030 doesn't match image C:\Users\Usuario\Desktop\UNI\DSH\P2-DSH\JuegoZigZag\Library\ScriptAssemblies\Unity.VisualScripting.Core.dll
Symbol file LoadedFromMemory is not a mono symbol file
Symbol file data-0000027E2ACAE020 doesn't match image C:\Users\Usuario\Desktop\UNI\DSH\P2-DSH\JuegoZigZag\Library\ScriptAssemblies\Unity.TextMeshPro.Editor.dll
Symbol file LoadedFromMemory is not a mono symbol file
Symbol file data-0000027FDF914860 doesn't match image C:\Users\Usuario\Desktop\UNI\DSH\P2-DSH\JuegoZigZag\Library\ScriptAssemblies\UnityEditor.UI.dll
Symbol file LoadedFromMemory is not a mono symbol file
Symbol file data-0000027E2C7B0990 doesn't match image C:\Users\Usuario\Desktop\UNI\DSH\P2-DSH\JuegoZigZag\Library\ScriptAssemblies\Unity.VisualScripting.Core.Editor.dll
Symbol file LoadedFromMemory is not a mono symbol file
Symbol file data-0000027FDF914860 doesn't match image C:\Users\Usuario\Desktop\UNI\DSH\P2-DSH\JuegoZigZag\Library\ScriptAssemblies\Unity.Rider.Editor.dll
Symbol file LoadedFromMemory is not a mono symbol file
Symbol file data-0000027E2A6D8010 doesn't match image C:\Users\Usuario\Desktop\UNI\DSH\P2-DSH\JuegoZigZag\Library\ScriptAssemblies\Unity.VisualScripting.State.dll
Symbol file LoadedFromMemory is not a mono symbol file
Symbol file data-0000027E2A6D8010 doesn't match image C:\Users\Usuario\Desktop\UNI\DSH\P2-DSH\JuegoZigZag\Library\ScriptAssemblies\Unity.VSCode.Editor.dll
Symbol file LoadedFromMemory is not a mono symbol file
Symbol file data-0000027E2ACAE020 doesn't match image C:\Users\Usuario\Desktop\UNI\DSH\P2-DSH\JuegoZigZag\Library\ScriptAssemblies\Unity.2D.Sprite.Editor.dll
Symbol file LoadedFromMemory is not a mono symbol file
Symbol file data-0000027E2B103020 doesn't match image C:\Users\Usuario\Desktop\UNI\DSH\P2-DSH\JuegoZigZag\Library\ScriptAssemblies\UnityEditor.TestRunner.dll
Symbol file LoadedFromMemory is not a mono symbol file
Symbol file data-0000027E2147E010 doesn't match image C:\Users\Usuario\Desktop\UNI\DSH\P2-DSH\JuegoZigZag\Library\ScriptAssemblies\Unity.VisualScripting.Flow.dll
Symbol file LoadedFromMemory is not a mono symbol file
Symbol file data-0000027E2C73C010 doesn't match image C:\Users\Usuario\Desktop\UNI\DSH\P2-DSH\JuegoZigZag\Library\ScriptAssemblies\Unity.VisualScripting.Flow.Editor.dll
Symbol file LoadedFromMemory is not a mono symbol file
- Loaded All Assemblies, in  7.793 seconds
Refreshing native plugins compatible for Editor in 11.06 ms, found 3 plugins.
Native extension for WindowsStandalone target not found
Native extension for Android target not found
Native extension for WebGL target not found
[Package Manager] Server::EnsureServerProcessIsRunning -- launch failed, reason: Unity was launched with the -noUpm command-line argument
[Package Manager] UpmClient::Send -- Unable to send message (not connected to UPM process).
[Package Manager] Cannot connect to Unity Package Manager local server
Mono: successfully reloaded assembly
- Finished resetting the current domain, in 28.870 seconds
Domain Reload Profiling: 36659ms
	BeginReloadAssembly (433ms)
		ExecutionOrderSort (0ms)
		DisableScriptedObjects (13ms)
		BackupInstance (0ms)
		ReleaseScriptingObjects (0ms)
		CreateAndSetChildDomain (108ms)
	RebuildCommonClasses (81ms)
	RebuildNativeTypeToScriptingClass (22ms)
	initialDomainReloadingComplete (70ms)
	LoadAllAssembliesAndSetupDomain (7180ms)
		LoadAssemblies (7384ms)
		RebuildTransferFunctionScriptingTraits (0ms)
		AnalyzeDomain (40ms)
			TypeCache.Refresh (21ms)
				TypeCache.ScanAssembly (0ms)
			ScanForSourceGeneratedMonoScriptInfo (1ms)
			ResolveRequiredComponents (14ms)
	FinalizeReload (28872ms)
		ReleaseScriptCaches (0ms)
		RebuildScriptCaches (0ms)
		SetupLoadedEditorAssemblies (1275ms)
			LogAssemblyErrors (0ms)
			InitializePlatformSupportModulesInManaged (92ms)
			SetLoadedEditorAssemblies (20ms)
			RefreshPlugins (0ms)
			BeforeProcessingInitializeOnLoad (180ms)
			ProcessInitializeOnLoadAttributes (895ms)
			ProcessInitializeOnLoadMethodAttributes (70ms)
			AfterProcessingInitializeOnLoad (17ms)
			EditorAssembliesLoaded (1ms)
		ExecutionOrderSort2 (0ms)
		AwakeInstancesAfterBackupRestoration (28ms)
Refreshing native plugins compatible for Editor in 24.65 ms, found 3 plugins.
Preloading 0 native plugins for Editor in 0.00 ms.
Unloading 3121 Unused Serialized files (Serialized files now loaded: 0)
Unloading 26 unused Assets / (31.1 KB). Loaded Objects now: 3620.
Memory consumption went from 135.9 MB to 135.9 MB.
Total: 10.753900 ms (FindLiveObjects: 0.763700 ms CreateObjectMapping: 0.777300 ms MarkObjects: 8.937500 ms  DeleteObjects: 0.271300 ms)

Prepare: number of updated asset objects reloaded= 0
AssetImportParameters requested are different than current active one (requested -> active):
  custom:container-demuxer-ogg: 62fdf1f143b41e24485cea50d1cbac27 -> 
  custom:video-codec-MediaFoundation-h265: 746d11721c4dcdbdad8f713fa42b33f4 -> 
  custom:video-decoder-ogg-theora: a1e56fd34408186e4bbccfd4996cb3dc -> 
  custom:framework-win-MediaFoundation: 216162199b28c13a410421893ffa2e32 -> 
  custom:CustomObjectIndexerAttribute: 6d391050e5a25f67b0a2c618074f2cd9 -> 
  custom:container-demuxer-webm: 4f35f7cbe854078d1ac9338744f61a02 -> 
  custom:container-muxer-webm: aa71ff27fc2769a1b78a27578f13a17b -> 
  custom:video-decoder-webm-vp8: 9c59270c3fd7afecdb556c50c9e8de78 -> 
  custom:SearchIndexIgnoredProperties: e643bd26f0fe6173181afceb89e7c659 -> 
  custom:AudioImporter_EditorPlatform: d09bf68614088b80899f8185d706f6e7 -> 
  custom:video-encoder-webm-vp8: eb34c28f22e8b96e1ab97ce403110664 -> 
  custom:audio-decoder-ogg-vorbis: bf7c407c2cedff20999df2af8eb42d56 -> 
  custom:audio-encoder-webm-vorbis: bf7c407c2cedff20999df2af8eb42d56 -> 
========================================================================
Received Prepare
Begin MonoManager ReloadAssembly
Symbol file data-0000027E2A95A040 doesn't match image C:\Users\Usuario\Desktop\UNI\DSH\P2-DSH\JuegoZigZag\Library\ScriptAssemblies\Unity.Timeline.dll
Symbol file LoadedFromMemory is not a mono symbol file
Symbol file data-0000027E23218E40 doesn't match image C:\Users\Usuario\Desktop\UNI\DSH\P2-DSH\JuegoZigZag\Library\ScriptAssemblies\Unity.TestTools.CodeCoverage.Editor.OpenCover.Mono.Reflection.dll
Symbol file LoadedFromMemory is not a mono symbol file
Symbol file data-0000027E21551040 doesn't match image C:\Users\Usuario\Desktop\UNI\DSH\P2-DSH\JuegoZigZag\Library\ScriptAssemblies\UnityEngine.UI.dll
Symbol file LoadedFromMemory is not a mono symbol file
Symbol file data-0000027E23218E40 doesn't match image C:\Users\Usuario\Desktop\UNI\DSH\P2-DSH\JuegoZigZag\Library\ScriptAssemblies\Unity.EditorCoroutines.Editor.dll
Symbol file LoadedFromMemory is not a mono symbol file
Symbol file data-0000027E2A6D8010 doesn't match image C:\Users\Usuario\Desktop\UNI\DSH\P2-DSH\JuegoZigZag\Library\ScriptAssemblies\Unity.VisualScripting.SettingsProvider.Editor.dll
Symbol file LoadedFromMemory is not a mono symbol file
Symbol file data-0000027E21A94010 doesn't match image C:\Users\Usuario\Desktop\UNI\DSH\P2-DSH\JuegoZigZag\Library\ScriptAssemblies\Unity.Performance.Profile-Analyzer.Editor.dll
Symbol file LoadedFromMemory is not a mono symbol file
Symbol file data-0000027E23227030 doesn't match image C:\Users\Usuario\Desktop\UNI\DSH\P2-DSH\JuegoZigZag\Library\ScriptAssemblies\Unity.TestTools.CodeCoverage.Editor.dll
Symbol file LoadedFromMemory is not a mono symbol file
Symbol file data-0000027E20FE2010 doesn't match image C:\Users\Usuario\Desktop\UNI\DSH\P2-DSH\JuegoZigZag\Library\ScriptAssemblies\Unity.TestTools.CodeCoverage.Editor.OpenCover.Model.dll
Symbol file LoadedFromMemory is not a mono symbol file
Symbol file data-0000027E216AD010 doesn't match image C:\Users\Usuario\Desktop\UNI\DSH\P2-DSH\JuegoZigZag\Library\ScriptAssemblies\Unity.PlasticSCM.Editor.dll
Symbol file LoadedFromMemory is not a mono symbol file
Symbol file data-0000027E2179B030 doesn't match image C:\Users\Usuario\Desktop\UNI\DSH\P2-DSH\JuegoZigZag\Library\ScriptAssemblies\UnityEngine.TestRunner.dll
Symbol file LoadedFromMemory is not a mono symbol file
Symbol file data-0000027E2D192010 doesn't match image C:\Users\Usuario\Desktop\UNI\DSH\P2-DSH\JuegoZigZag\Library\ScriptAssemblies\Unity.VisualScripting.State.Editor.dll
Symbol file LoadedFromMemory is not a mono symbol file
Symbol file data-0000027E2CB83010 doesn't match image C:\Users\Usuario\Desktop\UNI\DSH\P2-DSH\JuegoZigZag\Library\ScriptAssemblies\Unity.Timeline.Editor.dll
Symbol file LoadedFromMemory is not a mono symbol file
Symbol file data-0000027E20FE2010 doesn't match image C:\Users\Usuario\Desktop\UNI\DSH\P2-DSH\JuegoZigZag\Library\ScriptAssemblies\Unity.Settings.Editor.dll
Symbol file LoadedFromMemory is not a mono symbol file
Symbol file data-0000027E20FE2010 doesn't match image C:\Users\Usuario\Desktop\UNI\DSH\P2-DSH\JuegoZigZag\Library\ScriptAssemblies\Unity.VisualScripting.Shared.Editor.dll
Symbol file LoadedFromMemory is not a mono symbol file
Symbol file data-0000027E20FE2010 doesn't match image C:\Users\Usuario\Desktop\UNI\DSH\P2-DSH\JuegoZigZag\Library\ScriptAssemblies\Unity.CollabProxy.Editor.dll
Symbol file LoadedFromMemory is not a mono symbol file
Symbol file data-0000027E23227030 doesn't match image C:\Users\Usuario\Desktop\UNI\DSH\P2-DSH\JuegoZigZag\Library\ScriptAssemblies\Unity.VisualStudio.Editor.dll
Symbol file LoadedFromMemory is not a mono symbol file
Symbol file data-0000027E21349020 doesn't match image C:\Users\Usuario\Desktop\UNI\DSH\P2-DSH\JuegoZigZag\Library\ScriptAssemblies\Unity.TextMeshPro.dll
Symbol file LoadedFromMemory is not a mono symbol file
Symbol file data-0000027E21933030 doesn't match image C:\Users\Usuario\Desktop\UNI\DSH\P2-DSH\JuegoZigZag\Library\ScriptAssemblies\Unity.VisualScripting.Core.dll
Symbol file LoadedFromMemory is not a mono symbol file
Symbol file data-0000027E2ACAE020 doesn't match image C:\Users\Usuario\Desktop\UNI\DSH\P2-DSH\JuegoZigZag\Library\ScriptAssemblies\Unity.TextMeshPro.Editor.dll
Symbol file LoadedFromMemory is not a mono symbol file
Symbol file data-0000027E2D192010 doesn't match image C:\Users\Usuario\Desktop\UNI\DSH\P2-DSH\JuegoZigZag\Library\ScriptAssemblies\UnityEditor.UI.dll
Symbol file LoadedFromMemory is not a mono symbol file
Symbol file data-0000027E2C7B0990 doesn't match image C:\Users\Usuario\Desktop\UNI\DSH\P2-DSH\JuegoZigZag\Library\ScriptAssemblies\Unity.VisualScripting.Core.Editor.dll
Symbol file LoadedFromMemory is not a mono symbol file
Symbol file data-0000027E2D192010 doesn't match image C:\Users\Usuario\Desktop\UNI\DSH\P2-DSH\JuegoZigZag\Library\ScriptAssemblies\Unity.Rider.Editor.dll
Symbol file LoadedFromMemory is not a mono symbol file
Symbol file data-0000027E22A2D020 doesn't match image C:\Users\Usuario\Desktop\UNI\DSH\P2-DSH\JuegoZigZag\Library\ScriptAssemblies\Unity.VisualScripting.State.dll
Symbol file LoadedFromMemory is not a mono symbol file
Symbol file data-0000027E22A2D020 doesn't match image C:\Users\Usuario\Desktop\UNI\DSH\P2-DSH\JuegoZigZag\Library\ScriptAssemblies\Unity.VSCode.Editor.dll
Symbol file LoadedFromMemory is not a mono symbol file
Symbol file data-0000027E2ACAE020 doesn't match image C:\Users\Usuario\Desktop\UNI\DSH\P2-DSH\JuegoZigZag\Library\ScriptAssemblies\Unity.2D.Sprite.Editor.dll
Symbol file LoadedFromMemory is not a mono symbol file
Symbol file data-0000027E2AFA8020 doesn't match image C:\Users\Usuario\Desktop\UNI\DSH\P2-DSH\JuegoZigZag\Library\ScriptAssemblies\UnityEditor.TestRunner.dll
Symbol file LoadedFromMemory is not a mono symbol file
Symbol file data-0000027E2147E010 doesn't match image C:\Users\Usuario\Desktop\UNI\DSH\P2-DSH\JuegoZigZag\Library\ScriptAssemblies\Unity.VisualScripting.Flow.dll
Symbol file LoadedFromMemory is not a mono symbol file
Symbol file data-0000027E21A94010 doesn't match image C:\Users\Usuario\Desktop\UNI\DSH\P2-DSH\JuegoZigZag\Library\ScriptAssemblies\Unity.VisualScripting.Flow.Editor.dll
Symbol file LoadedFromMemory is not a mono symbol file
- Loaded All Assemblies, in  1.371 seconds
Refreshing native plugins compatible for Editor in 8.91 ms, found 3 plugins.
Native extension for WindowsStandalone target not found
Native extension for Android target not found
Native extension for WebGL target not found
[Package Manager] Server::EnsureServerProcessIsRunning -- launch failed, reason: Unity was launched with the -noUpm command-line argument
[Package Manager] UpmClient::Send -- Unable to send message (not connected to UPM process).
[Package Manager] Cannot connect to Unity Package Manager local server
Mono: successfully reloaded assembly
- Finished resetting the current domain, in  2.641 seconds
Domain Reload Profiling: 4005ms
	BeginReloadAssembly (476ms)
		ExecutionOrderSort (0ms)
		DisableScriptedObjects (26ms)
		BackupInstance (0ms)
		ReleaseScriptingObjects (0ms)
		CreateAndSetChildDomain (95ms)
	RebuildCommonClasses (103ms)
	RebuildNativeTypeToScriptingClass (57ms)
	initialDomainReloadingComplete (69ms)
	LoadAllAssembliesAndSetupDomain (658ms)
		LoadAssemblies (901ms)
		RebuildTransferFunctionScriptingTraits (0ms)
		AnalyzeDomain (38ms)
			TypeCache.Refresh (18ms)
				TypeCache.ScanAssembly (0ms)
			ScanForSourceGeneratedMonoScriptInfo (1ms)
			ResolveRequiredComponents (16ms)
	FinalizeReload (2643ms)
		ReleaseScriptCaches (0ms)
		RebuildScriptCaches (0ms)
		SetupLoadedEditorAssemblies (1052ms)
			LogAssemblyErrors (0ms)
			InitializePlatformSupportModulesInManaged (80ms)
			SetLoadedEditorAssemblies (12ms)
			RefreshPlugins (0ms)
			BeforeProcessingInitializeOnLoad (160ms)
			ProcessInitializeOnLoadAttributes (695ms)
			ProcessInitializeOnLoadMethodAttributes (83ms)
			AfterProcessingInitializeOnLoad (21ms)
			EditorAssembliesLoaded (0ms)
		ExecutionOrderSort2 (0ms)
		AwakeInstancesAfterBackupRestoration (30ms)
Refreshing native plugins compatible for Editor in 7.54 ms, found 3 plugins.
Preloading 0 native plugins for Editor in 0.00 ms.
Unloading 3121 Unused Serialized files (Serialized files now loaded: 0)
Unloading 26 unused Assets / (31.1 KB). Loaded Objects now: 3623.
Memory consumption went from 137.8 MB to 137.8 MB.
Total: 6.298800 ms (FindLiveObjects: 0.664300 ms CreateObjectMapping: 0.146600 ms MarkObjects: 5.335500 ms  DeleteObjects: 0.149300 ms)

Prepare: number of updated asset objects reloaded= 0
AssetImportParameters requested are different than current active one (requested -> active):
  custom:container-demuxer-ogg: 62fdf1f143b41e24485cea50d1cbac27 -> 
  custom:video-codec-MediaFoundation-h265: 746d11721c4dcdbdad8f713fa42b33f4 -> 
  custom:video-decoder-ogg-theora: a1e56fd34408186e4bbccfd4996cb3dc -> 
  custom:framework-win-MediaFoundation: 216162199b28c13a410421893ffa2e32 -> 
  custom:CustomObjectIndexerAttribute: 6d391050e5a25f67b0a2c618074f2cd9 -> 
  custom:container-demuxer-webm: 4f35f7cbe854078d1ac9338744f61a02 -> 
  custom:container-muxer-webm: aa71ff27fc2769a1b78a27578f13a17b -> 
  custom:video-decoder-webm-vp8: 9c59270c3fd7afecdb556c50c9e8de78 -> 
  custom:SearchIndexIgnoredProperties: e643bd26f0fe6173181afceb89e7c659 -> 
  custom:AudioImporter_EditorPlatform: d09bf68614088b80899f8185d706f6e7 -> 
  custom:video-encoder-webm-vp8: eb34c28f22e8b96e1ab97ce403110664 -> 
  custom:audio-decoder-ogg-vorbis: bf7c407c2cedff20999df2af8eb42d56 -> 
  custom:audio-encoder-webm-vorbis: bf7c407c2cedff20999df2af8eb42d56 -> 
========================================================================
Received Import Request.
  Time since last request: 881.211952 seconds.
  path: Assets/Imagenes/flechaIzquierda.png
  artifactKey: Guid(2732a20cb17b59644bc34401ffc3880e) Importer(815301076,1909f56bfc062723c751e8b465ee728b)
Start importing Assets/Imagenes/flechaIzquierda.png using Guid(2732a20cb17b59644bc34401ffc3880e) Importer(815301076,1909f56bfc062723c751e8b465ee728b)  -> (artifact id: '3d488d32981570ffa84832dac4db8b1d') in 0.375726 seconds
Number of updated asset objects reloaded before import = 0
Number of asset objects unloaded after import = 3
========================================================================
Received Import Request.
  Time since last request: 8.591268 seconds.
  path: Assets/Materiales/Arena.mat
  artifactKey: Guid(7991e21998b8ecd49a49c018ccfd6481) Importer(815301076,1909f56bfc062723c751e8b465ee728b)
Start importing Assets/Materiales/Arena.mat using Guid(7991e21998b8ecd49a49c018ccfd6481) Importer(815301076,1909f56bfc062723c751e8b465ee728b)  -> (artifact id: '2d7040203cacfed59b7b75cd9248b5e8') in 0.210510 seconds
Number of updated asset objects reloaded before import = 0
Number of asset objects unloaded after import = 1
========================================================================
Received Import Request.
  Time since last request: 0.000063 seconds.
  path: Assets/Materiales/Cesped.mat
  artifactKey: Guid(dff5df1fbb220584799f32a6a0c332dc) Importer(815301076,1909f56bfc062723c751e8b465ee728b)
Start importing Assets/Materiales/Cesped.mat using Guid(dff5df1fbb220584799f32a6a0c332dc) Importer(815301076,1909f56bfc062723c751e8b465ee728b)  -> (artifact id: '9ecb9da4c2c19dda57a8ea521d8a803b') in 0.072920 seconds
Number of updated asset objects reloaded before import = 0
Number of asset objects unloaded after import = 2
========================================================================
Received Import Request.
  Time since last request: 4.757949 seconds.
  path: Assets/Materiales/Rosa.mat
  artifactKey: Guid(22b035ba6be3e684f99217463d0afcad) Importer(815301076,1909f56bfc062723c751e8b465ee728b)
Start importing Assets/Materiales/Rosa.mat using Guid(22b035ba6be3e684f99217463d0afcad) Importer(815301076,1909f56bfc062723c751e8b465ee728b)  -> (artifact id: 'b2f8a9f49bf87891261076cddd270f39') in 0.059189 seconds
Number of updated asset objects reloaded before import = 0
Number of asset objects unloaded after import = 1
========================================================================
Received Import Request.
  Time since last request: 576.705575 seconds.
  path: Assets/Imagenes/flechaDerecha.png
  artifactKey: Guid(3f6ebfeb76f71f241809e99dab43698b) Importer(815301076,1909f56bfc062723c751e8b465ee728b)
Start importing Assets/Imagenes/flechaDerecha.png using Guid(3f6ebfeb76f71f241809e99dab43698b) Importer(815301076,1909f56bfc062723c751e8b465ee728b)  -> (artifact id: '79e8a1db47441fa4c33469c617a7a0a7') in 0.087369 seconds
Number of updated asset objects reloaded before import = 0
Number of asset objects unloaded after import = 3
========================================================================
Received Prepare
Begin MonoManager ReloadAssembly
Symbol file data-0000027E2A95A040 doesn't match image C:\Users\Usuario\Desktop\UNI\DSH\P2-DSH\JuegoZigZag\Library\ScriptAssemblies\Unity.Timeline.dll
Symbol file LoadedFromMemory is not a mono symbol file
Symbol file data-0000027E23218E40 doesn't match image C:\Users\Usuario\Desktop\UNI\DSH\P2-DSH\JuegoZigZag\Library\ScriptAssemblies\Unity.TestTools.CodeCoverage.Editor.OpenCover.Mono.Reflection.dll
Symbol file LoadedFromMemory is not a mono symbol file
Symbol file data-0000027E21551040 doesn't match image C:\Users\Usuario\Desktop\UNI\DSH\P2-DSH\JuegoZigZag\Library\ScriptAssemblies\UnityEngine.UI.dll
Symbol file LoadedFromMemory is not a mono symbol file
Symbol file data-0000027E23218E40 doesn't match image C:\Users\Usuario\Desktop\UNI\DSH\P2-DSH\JuegoZigZag\Library\ScriptAssemblies\Unity.EditorCoroutines.Editor.dll
Symbol file LoadedFromMemory is not a mono symbol file
Symbol file data-0000027FDF53D7A0 doesn't match image C:\Users\Usuario\Desktop\UNI\DSH\P2-DSH\JuegoZigZag\Library\ScriptAssemblies\Unity.VisualScripting.SettingsProvider.Editor.dll
Symbol file LoadedFromMemory is not a mono symbol file
Symbol file data-0000027FDF6FAB50 doesn't match image C:\Users\Usuario\Desktop\UNI\DSH\P2-DSH\JuegoZigZag\Library\ScriptAssemblies\Unity.Performance.Profile-Analyzer.Editor.dll
Symbol file LoadedFromMemory is not a mono symbol file
Symbol file data-0000027E219A7050 doesn't match image C:\Users\Usuario\Desktop\UNI\DSH\P2-DSH\JuegoZigZag\Library\ScriptAssemblies\Unity.TestTools.CodeCoverage.Editor.dll
Symbol file LoadedFromMemory is not a mono symbol file
Symbol file data-0000027E2322F040 doesn't match image C:\Users\Usuario\Desktop\UNI\DSH\P2-DSH\JuegoZigZag\Library\ScriptAssemblies\Unity.TestTools.CodeCoverage.Editor.OpenCover.Model.dll
Symbol file LoadedFromMemory is not a mono symbol file
Symbol file data-0000027E21E0C010 doesn't match image C:\Users\Usuario\Desktop\UNI\DSH\P2-DSH\JuegoZigZag\Library\ScriptAssemblies\Unity.PlasticSCM.Editor.dll
Symbol file LoadedFromMemory is not a mono symbol file
Symbol file data-0000027E2179B030 doesn't match image C:\Users\Usuario\Desktop\UNI\DSH\P2-DSH\JuegoZigZag\Library\ScriptAssemblies\UnityEngine.TestRunner.dll
Symbol file LoadedFromMemory is not a mono symbol file
Symbol file data-0000027E2C799ED0 doesn't match image C:\Users\Usuario\Desktop\UNI\DSH\P2-DSH\JuegoZigZag\Library\ScriptAssemblies\Unity.VisualScripting.State.Editor.dll
Symbol file LoadedFromMemory is not a mono symbol file
Symbol file data-0000027E2CB83010 doesn't match image C:\Users\Usuario\Desktop\UNI\DSH\P2-DSH\JuegoZigZag\Library\ScriptAssemblies\Unity.Timeline.Editor.dll
Symbol file LoadedFromMemory is not a mono symbol file
Symbol file data-0000027E2322F040 doesn't match image C:\Users\Usuario\Desktop\UNI\DSH\P2-DSH\JuegoZigZag\Library\ScriptAssemblies\Unity.Settings.Editor.dll
Symbol file LoadedFromMemory is not a mono symbol file
Symbol file data-0000027E2322F040 doesn't match image C:\Users\Usuario\Desktop\UNI\DSH\P2-DSH\JuegoZigZag\Library\ScriptAssemblies\Unity.VisualScripting.Shared.Editor.dll
Symbol file LoadedFromMemory is not a mono symbol file
Symbol file data-0000027E2322F040 doesn't match image C:\Users\Usuario\Desktop\UNI\DSH\P2-DSH\JuegoZigZag\Library\ScriptAssemblies\Unity.CollabProxy.Editor.dll
Symbol file LoadedFromMemory is not a mono symbol file
Symbol file data-0000027E2B2E2010 doesn't match image C:\Users\Usuario\Desktop\UNI\DSH\P2-DSH\JuegoZigZag\Library\ScriptAssemblies\Unity.VisualStudio.Editor.dll
Symbol file LoadedFromMemory is not a mono symbol file
Symbol file data-0000027E2CAC7010 doesn't match image C:\Users\Usuario\Desktop\UNI\DSH\P2-DSH\JuegoZigZag\Library\ScriptAssemblies\Unity.TextMeshPro.dll
Symbol file LoadedFromMemory is not a mono symbol file
Symbol file data-0000027E210E4020 doesn't match image C:\Users\Usuario\Desktop\UNI\DSH\P2-DSH\JuegoZigZag\Library\ScriptAssemblies\Unity.VisualScripting.Core.dll
Symbol file LoadedFromMemory is not a mono symbol file
Symbol file data-0000027E2ACAE020 doesn't match image C:\Users\Usuario\Desktop\UNI\DSH\P2-DSH\JuegoZigZag\Library\ScriptAssemblies\Unity.TextMeshPro.Editor.dll
Symbol file LoadedFromMemory is not a mono symbol file
Symbol file data-0000027FDDC98D50 doesn't match image C:\Users\Usuario\Desktop\UNI\DSH\P2-DSH\JuegoZigZag\Library\ScriptAssemblies\UnityEditor.UI.dll
Symbol file LoadedFromMemory is not a mono symbol file
Symbol file data-0000027E2C7B0990 doesn't match image C:\Users\Usuario\Desktop\UNI\DSH\P2-DSH\JuegoZigZag\Library\ScriptAssemblies\Unity.VisualScripting.Core.Editor.dll
Symbol file LoadedFromMemory is not a mono symbol file
Symbol file data-0000027FDDC98D50 doesn't match image C:\Users\Usuario\Desktop\UNI\DSH\P2-DSH\JuegoZigZag\Library\ScriptAssemblies\Unity.Rider.Editor.dll
Symbol file LoadedFromMemory is not a mono symbol file
Symbol file data-0000027E2B1D7030 doesn't match image C:\Users\Usuario\Desktop\UNI\DSH\P2-DSH\JuegoZigZag\Library\ScriptAssemblies\Unity.VisualScripting.State.dll
Symbol file LoadedFromMemory is not a mono symbol file
Symbol file data-0000027E2B1D7030 doesn't match image C:\Users\Usuario\Desktop\UNI\DSH\P2-DSH\JuegoZigZag\Library\ScriptAssemblies\Unity.VSCode.Editor.dll
Symbol file LoadedFromMemory is not a mono symbol file
Symbol file data-0000027E2ACAE020 doesn't match image C:\Users\Usuario\Desktop\UNI\DSH\P2-DSH\JuegoZigZag\Library\ScriptAssemblies\Unity.2D.Sprite.Editor.dll
Symbol file LoadedFromMemory is not a mono symbol file
Symbol file data-0000027E2B103020 doesn't match image C:\Users\Usuario\Desktop\UNI\DSH\P2-DSH\JuegoZigZag\Library\ScriptAssemblies\UnityEditor.TestRunner.dll
Symbol file LoadedFromMemory is not a mono symbol file
Symbol file data-0000027E2147E010 doesn't match image C:\Users\Usuario\Desktop\UNI\DSH\P2-DSH\JuegoZigZag\Library\ScriptAssemblies\Unity.VisualScripting.Flow.dll
Symbol file LoadedFromMemory is not a mono symbol file
Symbol file data-0000027FDF6FAB50 doesn't match image C:\Users\Usuario\Desktop\UNI\DSH\P2-DSH\JuegoZigZag\Library\ScriptAssemblies\Unity.VisualScripting.Flow.Editor.dll
Symbol file LoadedFromMemory is not a mono symbol file
- Loaded All Assemblies, in  1.348 seconds
Refreshing native plugins compatible for Editor in 11.78 ms, found 3 plugins.
Native extension for WindowsStandalone target not found
Native extension for Android target not found
Native extension for WebGL target not found
[Package Manager] Server::EnsureServerProcessIsRunning -- launch failed, reason: Unity was launched with the -noUpm command-line argument
[Package Manager] UpmClient::Send -- Unable to send message (not connected to UPM process).
[Package Manager] Cannot connect to Unity Package Manager local server
Mono: successfully reloaded assembly
- Finished resetting the current domain, in  3.286 seconds
Domain Reload Profiling: 4628ms
	BeginReloadAssembly (455ms)
		ExecutionOrderSort (0ms)
		DisableScriptedObjects (11ms)
		BackupInstance (0ms)
		ReleaseScriptingObjects (0ms)
		CreateAndSetChildDomain (111ms)
	RebuildCommonClasses (99ms)
	RebuildNativeTypeToScriptingClass (36ms)
	initialDomainReloadingComplete (85ms)
	LoadAllAssembliesAndSetupDomain (664ms)
		LoadAssemblies (907ms)
		RebuildTransferFunctionScriptingTraits (0ms)
		AnalyzeDomain (32ms)
			TypeCache.Refresh (15ms)
				TypeCache.ScanAssembly (0ms)
			ScanForSourceGeneratedMonoScriptInfo (1ms)
			ResolveRequiredComponents (12ms)
	FinalizeReload (3289ms)
		ReleaseScriptCaches (0ms)
		RebuildScriptCaches (0ms)
		SetupLoadedEditorAssemblies (1407ms)
			LogAssemblyErrors (0ms)
			InitializePlatformSupportModulesInManaged (95ms)
			SetLoadedEditorAssemblies (15ms)
			RefreshPlugins (0ms)
			BeforeProcessingInitializeOnLoad (184ms)
			ProcessInitializeOnLoadAttributes (1012ms)
			ProcessInitializeOnLoadMethodAttributes (80ms)
			AfterProcessingInitializeOnLoad (21ms)
			EditorAssembliesLoaded (1ms)
		ExecutionOrderSort2 (0ms)
		AwakeInstancesAfterBackupRestoration (28ms)
Refreshing native plugins compatible for Editor in 15.65 ms, found 3 plugins.
Preloading 0 native plugins for Editor in 0.00 ms.
Unloading 3120 Unused Serialized files (Serialized files now loaded: 0)
Unloading 26 unused Assets / (31.1 KB). Loaded Objects now: 3668.
Memory consumption went from 139.9 MB to 139.9 MB.
Total: 11.607100 ms (FindLiveObjects: 1.273000 ms CreateObjectMapping: 1.240300 ms MarkObjects: 8.830200 ms  DeleteObjects: 0.260000 ms)

Prepare: number of updated asset objects reloaded= 0
AssetImportParameters requested are different than current active one (requested -> active):
  custom:container-demuxer-ogg: 62fdf1f143b41e24485cea50d1cbac27 -> 
  custom:video-codec-MediaFoundation-h265: 746d11721c4dcdbdad8f713fa42b33f4 -> 
  custom:video-decoder-ogg-theora: a1e56fd34408186e4bbccfd4996cb3dc -> 
  custom:framework-win-MediaFoundation: 216162199b28c13a410421893ffa2e32 -> 
  custom:CustomObjectIndexerAttribute: 6d391050e5a25f67b0a2c618074f2cd9 -> 
  custom:container-demuxer-webm: 4f35f7cbe854078d1ac9338744f61a02 -> 
  custom:container-muxer-webm: aa71ff27fc2769a1b78a27578f13a17b -> 
  custom:video-decoder-webm-vp8: 9c59270c3fd7afecdb556c50c9e8de78 -> 
  custom:SearchIndexIgnoredProperties: e643bd26f0fe6173181afceb89e7c659 -> 
  custom:AudioImporter_EditorPlatform: d09bf68614088b80899f8185d706f6e7 -> 
  custom:video-encoder-webm-vp8: eb34c28f22e8b96e1ab97ce403110664 -> 
  custom:audio-decoder-ogg-vorbis: bf7c407c2cedff20999df2af8eb42d56 -> 
  custom:audio-encoder-webm-vorbis: bf7c407c2cedff20999df2af8eb42d56 -> 
========================================================================
Received Prepare
Begin MonoManager ReloadAssembly
Symbol file data-0000027E2A95A040 doesn't match image C:\Users\Usuario\Desktop\UNI\DSH\P2-DSH\JuegoZigZag\Library\ScriptAssemblies\Unity.Timeline.dll
Symbol file LoadedFromMemory is not a mono symbol file
Symbol file data-0000027E219B0E50 doesn't match image C:\Users\Usuario\Desktop\UNI\DSH\P2-DSH\JuegoZigZag\Library\ScriptAssemblies\Unity.TestTools.CodeCoverage.Editor.OpenCover.Mono.Reflection.dll
Symbol file LoadedFromMemory is not a mono symbol file
Symbol file data-0000027E21551040 doesn't match image C:\Users\Usuario\Desktop\UNI\DSH\P2-DSH\JuegoZigZag\Library\ScriptAssemblies\UnityEngine.UI.dll
Symbol file LoadedFromMemory is not a mono symbol file
Symbol file data-0000027E219B0E50 doesn't match image C:\Users\Usuario\Desktop\UNI\DSH\P2-DSH\JuegoZigZag\Library\ScriptAssemblies\Unity.EditorCoroutines.Editor.dll
Symbol file LoadedFromMemory is not a mono symbol file
Symbol file data-0000027E2A980010 doesn't match image C:\Users\Usuario\Desktop\UNI\DSH\P2-DSH\JuegoZigZag\Library\ScriptAssemblies\Unity.VisualScripting.SettingsProvider.Editor.dll
Symbol file LoadedFromMemory is not a mono symbol file
Symbol file data-0000027E21C1C010 doesn't match image C:\Users\Usuario\Desktop\UNI\DSH\P2-DSH\JuegoZigZag\Library\ScriptAssemblies\Unity.Performance.Profile-Analyzer.Editor.dll
Symbol file LoadedFromMemory is not a mono symbol file
Symbol file data-0000027FDF70AB60 doesn't match image C:\Users\Usuario\Desktop\UNI\DSH\P2-DSH\JuegoZigZag\Library\ScriptAssemblies\Unity.TestTools.CodeCoverage.Editor.dll
Symbol file LoadedFromMemory is not a mono symbol file
Symbol file data-0000027FDEF34020 doesn't match image C:\Users\Usuario\Desktop\UNI\DSH\P2-DSH\JuegoZigZag\Library\ScriptAssemblies\Unity.TestTools.CodeCoverage.Editor.OpenCover.Model.dll
Symbol file LoadedFromMemory is not a mono symbol file
Symbol file data-0000027E2CE6D340 doesn't match image C:\Users\Usuario\Desktop\UNI\DSH\P2-DSH\JuegoZigZag\Library\ScriptAssemblies\Unity.PlasticSCM.Editor.dll
Symbol file LoadedFromMemory is not a mono symbol file
Symbol file data-0000027E21E3C030 doesn't match image C:\Users\Usuario\Desktop\UNI\DSH\P2-DSH\JuegoZigZag\Library\ScriptAssemblies\UnityEngine.TestRunner.dll
Symbol file LoadedFromMemory is not a mono symbol file
Symbol file data-0000027E2C799ED0 doesn't match image C:\Users\Usuario\Desktop\UNI\DSH\P2-DSH\JuegoZigZag\Library\ScriptAssemblies\Unity.VisualScripting.State.Editor.dll
Symbol file LoadedFromMemory is not a mono symbol file
Symbol file data-0000027E2CB83010 doesn't match image C:\Users\Usuario\Desktop\UNI\DSH\P2-DSH\JuegoZigZag\Library\ScriptAssemblies\Unity.Timeline.Editor.dll
Symbol file LoadedFromMemory is not a mono symbol file
Symbol file data-0000027FDEF34020 doesn't match image C:\Users\Usuario\Desktop\UNI\DSH\P2-DSH\JuegoZigZag\Library\ScriptAssemblies\Unity.Settings.Editor.dll
Symbol file LoadedFromMemory is not a mono symbol file
Symbol file data-0000027FDEF34020 doesn't match image C:\Users\Usuario\Desktop\UNI\DSH\P2-DSH\JuegoZigZag\Library\ScriptAssemblies\Unity.VisualScripting.Shared.Editor.dll
Symbol file LoadedFromMemory is not a mono symbol file
Symbol file data-0000027FDEF34020 doesn't match image C:\Users\Usuario\Desktop\UNI\DSH\P2-DSH\JuegoZigZag\Library\ScriptAssemblies\Unity.CollabProxy.Editor.dll
Symbol file LoadedFromMemory is not a mono symbol file
Symbol file data-0000027E21327020 doesn't match image C:\Users\Usuario\Desktop\UNI\DSH\P2-DSH\JuegoZigZag\Library\ScriptAssemblies\Unity.VisualStudio.Editor.dll
Symbol file LoadedFromMemory is not a mono symbol file
Symbol file data-0000027E21349020 doesn't match image C:\Users\Usuario\Desktop\UNI\DSH\P2-DSH\JuegoZigZag\Library\ScriptAssemblies\Unity.TextMeshPro.dll
Symbol file LoadedFromMemory is not a mono symbol file
Symbol file data-0000027FDEE74020 doesn't match image C:\Users\Usuario\Desktop\UNI\DSH\P2-DSH\JuegoZigZag\Library\ScriptAssemblies\Unity.VisualScripting.Core.dll
Symbol file LoadedFromMemory is not a mono symbol file
Symbol file data-0000027E21148020 doesn't match image C:\Users\Usuario\Desktop\UNI\DSH\P2-DSH\JuegoZigZag\Library\ScriptAssemblies\Unity.TextMeshPro.Editor.dll
Symbol file LoadedFromMemory is not a mono symbol file
Symbol file data-0000027E2C799ED0 doesn't match image C:\Users\Usuario\Desktop\UNI\DSH\P2-DSH\JuegoZigZag\Library\ScriptAssemblies\UnityEditor.UI.dll
Symbol file LoadedFromMemory is not a mono symbol file
Symbol file data-0000027FDF61A010 doesn't match image C:\Users\Usuario\Desktop\UNI\DSH\P2-DSH\JuegoZigZag\Library\ScriptAssemblies\Unity.VisualScripting.Core.Editor.dll
Symbol file LoadedFromMemory is not a mono symbol file
Symbol file data-0000027E2C799ED0 doesn't match image C:\Users\Usuario\Desktop\UNI\DSH\P2-DSH\JuegoZigZag\Library\ScriptAssemblies\Unity.Rider.Editor.dll
Symbol file LoadedFromMemory is not a mono symbol file
Symbol file data-0000027E2D192010 doesn't match image C:\Users\Usuario\Desktop\UNI\DSH\P2-DSH\JuegoZigZag\Library\ScriptAssemblies\Unity.VisualScripting.State.dll
Symbol file LoadedFromMemory is not a mono symbol file
Symbol file data-0000027E21DA8050 doesn't match image C:\Users\Usuario\Desktop\UNI\DSH\P2-DSH\JuegoZigZag\Library\ScriptAssemblies\Unity.VSCode.Editor.dll
Symbol file LoadedFromMemory is not a mono symbol file
Symbol file data-0000027E21148020 doesn't match image C:\Users\Usuario\Desktop\UNI\DSH\P2-DSH\JuegoZigZag\Library\ScriptAssemblies\Unity.2D.Sprite.Editor.dll
Symbol file LoadedFromMemory is not a mono symbol file
Symbol file data-0000027E2B103020 doesn't match image C:\Users\Usuario\Desktop\UNI\DSH\P2-DSH\JuegoZigZag\Library\ScriptAssemblies\UnityEditor.TestRunner.dll
Symbol file LoadedFromMemory is not a mono symbol file
Symbol file data-0000027E2147E010 doesn't match image C:\Users\Usuario\Desktop\UNI\DSH\P2-DSH\JuegoZigZag\Library\ScriptAssemblies\Unity.VisualScripting.Flow.dll
Symbol file LoadedFromMemory is not a mono symbol file
Symbol file data-0000027E21C1C010 doesn't match image C:\Users\Usuario\Desktop\UNI\DSH\P2-DSH\JuegoZigZag\Library\ScriptAssemblies\Unity.VisualScripting.Flow.Editor.dll
Symbol file LoadedFromMemory is not a mono symbol file
- Loaded All Assemblies, in  1.321 seconds
Refreshing native plugins compatible for Editor in 10.79 ms, found 3 plugins.
Native extension for WindowsStandalone target not found
Native extension for Android target not found
Native extension for WebGL target not found
[Package Manager] Server::EnsureServerProcessIsRunning -- launch failed, reason: Unity was launched with the -noUpm command-line argument
[Package Manager] UpmClient::Send -- Unable to send message (not connected to UPM process).
[Package Manager] Cannot connect to Unity Package Manager local server
Mono: successfully reloaded assembly
- Finished resetting the current domain, in  3.411 seconds
Domain Reload Profiling: 4730ms
	BeginReloadAssembly (438ms)
		ExecutionOrderSort (0ms)
		DisableScriptedObjects (16ms)
		BackupInstance (0ms)
		ReleaseScriptingObjects (0ms)
		CreateAndSetChildDomain (95ms)
	RebuildCommonClasses (81ms)
	RebuildNativeTypeToScriptingClass (33ms)
	initialDomainReloadingComplete (78ms)
	LoadAllAssembliesAndSetupDomain (688ms)
		LoadAssemblies (906ms)
		RebuildTransferFunctionScriptingTraits (0ms)
		AnalyzeDomain (40ms)
			TypeCache.Refresh (18ms)
				TypeCache.ScanAssembly (0ms)
			ScanForSourceGeneratedMonoScriptInfo (1ms)
			ResolveRequiredComponents (18ms)
	FinalizeReload (3413ms)
		ReleaseScriptCaches (0ms)
		RebuildScriptCaches (0ms)
		SetupLoadedEditorAssemblies (1378ms)
			LogAssemblyErrors (0ms)
			InitializePlatformSupportModulesInManaged (94ms)
			SetLoadedEditorAssemblies (15ms)
			RefreshPlugins (0ms)
			BeforeProcessingInitializeOnLoad (195ms)
			ProcessInitializeOnLoadAttributes (979ms)
			ProcessInitializeOnLoadMethodAttributes (77ms)
			AfterProcessingInitializeOnLoad (18ms)
			EditorAssembliesLoaded (0ms)
		ExecutionOrderSort2 (0ms)
		AwakeInstancesAfterBackupRestoration (35ms)
Refreshing native plugins compatible for Editor in 10.76 ms, found 3 plugins.
Preloading 0 native plugins for Editor in 0.00 ms.
Unloading 3121 Unused Serialized files (Serialized files now loaded: 0)
Unloading 26 unused Assets / (31.1 KB). Loaded Objects now: 3671.
Memory consumption went from 142.1 MB to 142.0 MB.
Total: 9.200100 ms (FindLiveObjects: 0.902900 ms CreateObjectMapping: 0.386800 ms MarkObjects: 7.752500 ms  DeleteObjects: 0.154000 ms)

Prepare: number of updated asset objects reloaded= 0
AssetImportParameters requested are different than current active one (requested -> active):
  custom:container-demuxer-ogg: 62fdf1f143b41e24485cea50d1cbac27 -> 
  custom:video-codec-MediaFoundation-h265: 746d11721c4dcdbdad8f713fa42b33f4 -> 
  custom:video-decoder-ogg-theora: a1e56fd34408186e4bbccfd4996cb3dc -> 
  custom:framework-win-MediaFoundation: 216162199b28c13a410421893ffa2e32 -> 
  custom:CustomObjectIndexerAttribute: 6d391050e5a25f67b0a2c618074f2cd9 -> 
  custom:container-demuxer-webm: 4f35f7cbe854078d1ac9338744f61a02 -> 
  custom:container-muxer-webm: aa71ff27fc2769a1b78a27578f13a17b -> 
  custom:video-decoder-webm-vp8: 9c59270c3fd7afecdb556c50c9e8de78 -> 
  custom:SearchIndexIgnoredProperties: e643bd26f0fe6173181afceb89e7c659 -> 
  custom:AudioImporter_EditorPlatform: d09bf68614088b80899f8185d706f6e7 -> 
  custom:video-encoder-webm-vp8: eb34c28f22e8b96e1ab97ce403110664 -> 
  custom:audio-decoder-ogg-vorbis: bf7c407c2cedff20999df2af8eb42d56 -> 
  custom:audio-encoder-webm-vorbis: bf7c407c2cedff20999df2af8eb42d56 -> 
========================================================================
Received Prepare
Begin MonoManager ReloadAssembly
Symbol file data-0000027E2A95A040 doesn't match image C:\Users\Usuario\Desktop\UNI\DSH\P2-DSH\JuegoZigZag\Library\ScriptAssemblies\Unity.Timeline.dll
Symbol file LoadedFromMemory is not a mono symbol file
Symbol file data-0000027E219B0E50 doesn't match image C:\Users\Usuario\Desktop\UNI\DSH\P2-DSH\JuegoZigZag\Library\ScriptAssemblies\Unity.TestTools.CodeCoverage.Editor.OpenCover.Mono.Reflection.dll
Symbol file LoadedFromMemory is not a mono symbol file
Symbol file data-0000027E21551040 doesn't match image C:\Users\Usuario\Desktop\UNI\DSH\P2-DSH\JuegoZigZag\Library\ScriptAssemblies\UnityEngine.UI.dll
Symbol file LoadedFromMemory is not a mono symbol file
Symbol file data-0000027E219B0E50 doesn't match image C:\Users\Usuario\Desktop\UNI\DSH\P2-DSH\JuegoZigZag\Library\ScriptAssemblies\Unity.EditorCoroutines.Editor.dll
Symbol file LoadedFromMemory is not a mono symbol file
Symbol file data-0000027E2A6D8010 doesn't match image C:\Users\Usuario\Desktop\UNI\DSH\P2-DSH\JuegoZigZag\Library\ScriptAssemblies\Unity.VisualScripting.SettingsProvider.Editor.dll
Symbol file LoadedFromMemory is not a mono symbol file
Symbol file data-0000027E21A94010 doesn't match image C:\Users\Usuario\Desktop\UNI\DSH\P2-DSH\JuegoZigZag\Library\ScriptAssemblies\Unity.Performance.Profile-Analyzer.Editor.dll
Symbol file LoadedFromMemory is not a mono symbol file
Symbol file data-0000027E2B2E2010 doesn't match image C:\Users\Usuario\Desktop\UNI\DSH\P2-DSH\JuegoZigZag\Library\ScriptAssemblies\Unity.TestTools.CodeCoverage.Editor.dll
Symbol file LoadedFromMemory is not a mono symbol file
Symbol file data-0000027E2C892010 doesn't match image C:\Users\Usuario\Desktop\UNI\DSH\P2-DSH\JuegoZigZag\Library\ScriptAssemblies\Unity.TestTools.CodeCoverage.Editor.OpenCover.Model.dll
Symbol file LoadedFromMemory is not a mono symbol file
Symbol file data-0000027E2D429030 doesn't match image C:\Users\Usuario\Desktop\UNI\DSH\P2-DSH\JuegoZigZag\Library\ScriptAssemblies\Unity.PlasticSCM.Editor.dll
Symbol file LoadedFromMemory is not a mono symbol file
Symbol file data-0000027E216DD030 doesn't match image C:\Users\Usuario\Desktop\UNI\DSH\P2-DSH\JuegoZigZag\Library\ScriptAssemblies\UnityEngine.TestRunner.dll
Symbol file LoadedFromMemory is not a mono symbol file
Symbol file data-0000027E2C799ED0 doesn't match image C:\Users\Usuario\Desktop\UNI\DSH\P2-DSH\JuegoZigZag\Library\ScriptAssemblies\Unity.VisualScripting.State.Editor.dll
Symbol file LoadedFromMemory is not a mono symbol file
Symbol file data-0000027FDEDA4020 doesn't match image C:\Users\Usuario\Desktop\UNI\DSH\P2-DSH\JuegoZigZag\Library\ScriptAssemblies\Unity.Timeline.Editor.dll
Symbol file LoadedFromMemory is not a mono symbol file
Symbol file data-0000027E2C892010 doesn't match image C:\Users\Usuario\Desktop\UNI\DSH\P2-DSH\JuegoZigZag\Library\ScriptAssemblies\Unity.Settings.Editor.dll
Symbol file LoadedFromMemory is not a mono symbol file
Symbol file data-0000027E2C892010 doesn't match image C:\Users\Usuario\Desktop\UNI\DSH\P2-DSH\JuegoZigZag\Library\ScriptAssemblies\Unity.VisualScripting.Shared.Editor.dll
Symbol file LoadedFromMemory is not a mono symbol file
Symbol file data-0000027E2C892010 doesn't match image C:\Users\Usuario\Desktop\UNI\DSH\P2-DSH\JuegoZigZag\Library\ScriptAssemblies\Unity.CollabProxy.Editor.dll
Symbol file LoadedFromMemory is not a mono symbol file
Symbol file data-0000027E21327020 doesn't match image C:\Users\Usuario\Desktop\UNI\DSH\P2-DSH\JuegoZigZag\Library\ScriptAssemblies\Unity.VisualStudio.Editor.dll
Symbol file LoadedFromMemory is not a mono symbol file
Symbol file data-0000027E2CAC7010 doesn't match image C:\Users\Usuario\Desktop\UNI\DSH\P2-DSH\JuegoZigZag\Library\ScriptAssemblies\Unity.TextMeshPro.dll
Symbol file LoadedFromMemory is not a mono symbol file
Symbol file data-0000027E2D429030 doesn't match image C:\Users\Usuario\Desktop\UNI\DSH\P2-DSH\JuegoZigZag\Library\ScriptAssemblies\Unity.VisualScripting.Core.dll
Symbol file LoadedFromMemory is not a mono symbol file
Symbol file data-0000027E21148020 doesn't match image C:\Users\Usuario\Desktop\UNI\DSH\P2-DSH\JuegoZigZag\Library\ScriptAssemblies\Unity.TextMeshPro.Editor.dll
Symbol file LoadedFromMemory is not a mono symbol file
Symbol file data-0000027E2C799ED0 doesn't match image C:\Users\Usuario\Desktop\UNI\DSH\P2-DSH\JuegoZigZag\Library\ScriptAssemblies\UnityEditor.UI.dll
Symbol file LoadedFromMemory is not a mono symbol file
Symbol file data-0000027FDE247A70 doesn't match image C:\Users\Usuario\Desktop\UNI\DSH\P2-DSH\JuegoZigZag\Library\ScriptAssemblies\Unity.VisualScripting.Core.Editor.dll
Symbol file LoadedFromMemory is not a mono symbol file
Symbol file data-0000027E213696B0 doesn't match image C:\Users\Usuario\Desktop\UNI\DSH\P2-DSH\JuegoZigZag\Library\ScriptAssemblies\Unity.Rider.Editor.dll
Symbol file LoadedFromMemory is not a mono symbol file
Symbol file data-0000027FDEF34020 doesn't match image C:\Users\Usuario\Desktop\UNI\DSH\P2-DSH\JuegoZigZag\Library\ScriptAssemblies\Unity.VisualScripting.State.dll
Symbol file LoadedFromMemory is not a mono symbol file
Symbol file data-0000027FDEF34020 doesn't match image C:\Users\Usuario\Desktop\UNI\DSH\P2-DSH\JuegoZigZag\Library\ScriptAssemblies\Unity.VSCode.Editor.dll
Symbol file LoadedFromMemory is not a mono symbol file
Symbol file data-0000027E21148020 doesn't match image C:\Users\Usuario\Desktop\UNI\DSH\P2-DSH\JuegoZigZag\Library\ScriptAssemblies\Unity.2D.Sprite.Editor.dll
Symbol file LoadedFromMemory is not a mono symbol file
Symbol file data-0000027E2B103020 doesn't match image C:\Users\Usuario\Desktop\UNI\DSH\P2-DSH\JuegoZigZag\Library\ScriptAssemblies\UnityEditor.TestRunner.dll
Symbol file LoadedFromMemory is not a mono symbol file
Symbol file data-0000027E2147E010 doesn't match image C:\Users\Usuario\Desktop\UNI\DSH\P2-DSH\JuegoZigZag\Library\ScriptAssemblies\Unity.VisualScripting.Flow.dll
Symbol file LoadedFromMemory is not a mono symbol file
Symbol file data-0000027E21A94010 doesn't match image C:\Users\Usuario\Desktop\UNI\DSH\P2-DSH\JuegoZigZag\Library\ScriptAssemblies\Unity.VisualScripting.Flow.Editor.dll
Symbol file LoadedFromMemory is not a mono symbol file
- Loaded All Assemblies, in  1.463 seconds
Refreshing native plugins compatible for Editor in 8.01 ms, found 3 plugins.
Native extension for WindowsStandalone target not found
Native extension for Android target not found
Native extension for WebGL target not found
[Package Manager] Server::EnsureServerProcessIsRunning -- launch failed, reason: Unity was launched with the -noUpm command-line argument
[Package Manager] UpmClient::Send -- Unable to send message (not connected to UPM process).
[Package Manager] Cannot connect to Unity Package Manager local server
Mono: successfully reloaded assembly
- Finished resetting the current domain, in  3.935 seconds
Domain Reload Profiling: 5390ms
	BeginReloadAssembly (491ms)
		ExecutionOrderSort (0ms)
		DisableScriptedObjects (22ms)
		BackupInstance (0ms)
		ReleaseScriptingObjects (0ms)
		CreateAndSetChildDomain (95ms)
	RebuildCommonClasses (110ms)
	RebuildNativeTypeToScriptingClass (43ms)
	initialDomainReloadingComplete (92ms)
	LoadAllAssembliesAndSetupDomain (717ms)
		LoadAssemblies (944ms)
		RebuildTransferFunctionScriptingTraits (0ms)
		AnalyzeDomain (75ms)
			TypeCache.Refresh (32ms)
				TypeCache.ScanAssembly (2ms)
			ScanForSourceGeneratedMonoScriptInfo (27ms)
			ResolveRequiredComponents (13ms)
	FinalizeReload (3937ms)
		ReleaseScriptCaches (0ms)
		RebuildScriptCaches (0ms)
		SetupLoadedEditorAssemblies (1327ms)
			LogAssemblyErrors (0ms)
			InitializePlatformSupportModulesInManaged (97ms)
			SetLoadedEditorAssemblies (14ms)
			RefreshPlugins (0ms)
			BeforeProcessingInitializeOnLoad (188ms)
			ProcessInitializeOnLoadAttributes (934ms)
			ProcessInitializeOnLoadMethodAttributes (70ms)
			AfterProcessingInitializeOnLoad (23ms)
			EditorAssembliesLoaded (1ms)
		ExecutionOrderSort2 (0ms)
		AwakeInstancesAfterBackupRestoration (26ms)
Refreshing native plugins compatible for Editor in 11.42 ms, found 3 plugins.
Preloading 0 native plugins for Editor in 0.00 ms.
Unloading 3121 Unused Serialized files (Serialized files now loaded: 0)
Unloading 26 unused Assets / (31.1 KB). Loaded Objects now: 3674.
Memory consumption went from 144.0 MB to 144.0 MB.
Total: 12.553700 ms (FindLiveObjects: 1.331400 ms CreateObjectMapping: 1.503200 ms MarkObjects: 9.150800 ms  DeleteObjects: 0.563000 ms)

Prepare: number of updated asset objects reloaded= 0
AssetImportParameters requested are different than current active one (requested -> active):
  custom:container-demuxer-ogg: 62fdf1f143b41e24485cea50d1cbac27 -> 
  custom:video-codec-MediaFoundation-h265: 746d11721c4dcdbdad8f713fa42b33f4 -> 
  custom:video-decoder-ogg-theora: a1e56fd34408186e4bbccfd4996cb3dc -> 
  custom:framework-win-MediaFoundation: 216162199b28c13a410421893ffa2e32 -> 
  custom:CustomObjectIndexerAttribute: 6d391050e5a25f67b0a2c618074f2cd9 -> 
  custom:container-demuxer-webm: 4f35f7cbe854078d1ac9338744f61a02 -> 
  custom:container-muxer-webm: aa71ff27fc2769a1b78a27578f13a17b -> 
  custom:video-decoder-webm-vp8: 9c59270c3fd7afecdb556c50c9e8de78 -> 
  custom:SearchIndexIgnoredProperties: e643bd26f0fe6173181afceb89e7c659 -> 
  custom:AudioImporter_EditorPlatform: d09bf68614088b80899f8185d706f6e7 -> 
  custom:video-encoder-webm-vp8: eb34c28f22e8b96e1ab97ce403110664 -> 
  custom:audio-decoder-ogg-vorbis: bf7c407c2cedff20999df2af8eb42d56 -> 
  custom:audio-encoder-webm-vorbis: bf7c407c2cedff20999df2af8eb42d56 -> 
========================================================================
Received Import Request.
  Time since last request: 4915.599251 seconds.
  path: Assets/Prefabs/SuperEstrellaMario Variant.prefab
  artifactKey: Guid(cf82670265fecb84da7a3c2798aad54d) Importer(815301076,1909f56bfc062723c751e8b465ee728b)
Start importing Assets/Prefabs/SuperEstrellaMario Variant.prefab using Guid(cf82670265fecb84da7a3c2798aad54d) Importer(815301076,1909f56bfc062723c751e8b465ee728b)  -> (artifact id: '15a69d965d76057e598dd9ac2e8ce048') in 0.416544 seconds
Number of updated asset objects reloaded before import = 0
Number of asset objects unloaded after import = 25
